<?xml version="1.0" encoding="utf-8"?><testsuites name="pytest tests"><testsuite name="pytest" errors="0" failures="4" skipped="2" tests="1991" time="1806.494" timestamp="2026-07-24T13:49:55.144555+08:00" hostname="HSH-MINIPC"><testcase classname="tests.answering.test_answer_service" name="test_resolve_mode_default_unified" time="0.042" /><testcase classname="tests.answering.test_answer_service" name="test_execute_returns_answer_execution" time="0.034" /><testcase classname="tests.answering.test_answer_service" name="test_no_answer_mode" time="0.033" /><testcase classname="tests.answering.test_answer_service" name="test_legacy_and_unified_structural_parity" time="0.036" /><testcase classname="tests.answering.test_answer_service" name="test_ask_dict_has_required_keys" time="0.031" /><testcase classname="tests.architecture.test_ci_workflow_contracts.TestCiWorkflowContracts" name="test_contract_gate_runs_wiki_contract" time="0.035" /><testcase classname="tests.architecture.test_ci_workflow_contracts.TestCiWorkflowContracts" name="test_contract_gate_runs_all_four_contracts" time="0.037" /><testcase classname="tests.architecture.test_ci_workflow_contracts.TestCiWorkflowContracts" name="test_lint_covers_whole_repository" time="0.036" /><testcase classname="tests.architecture.test_ci_workflow_contracts.TestCiWorkflowContracts" name="test_closure_debt_strict_gate_present" time="0.037" /><testcase classname="tests.architecture.test_ci_workflow_contracts.TestCiWorkflowContracts" name="test_no_continue_on_error_bypass" time="0.038" /><testcase classname="tests.architecture.test_ci_workflow_contracts.TestCiWorkflowContracts" name="test_no_shell_or_true_bypass" time="0.035" /><testcase classname="tests.architecture.test_closure_debt_baseline" name="test_collect_debt_metrics_has_required_keys" time="0.098" /><testcase classname="tests.architecture.test_closure_debt_baseline" name="test_debt_metrics_are_non_negative_counts" time="0.087" /><testcase classname="tests.architecture.test_closure_debt_baseline" name="test_baseline_reflects_current_debt_shape" time="0.195" /><testcase classname="tests.architecture.test_closure_debt_strict_mode" name="test_strict_fails_on_database_instance_outside_whitelist" time="0.186" /><testcase classname="tests.architecture.test_closure_debt_strict_mode" name="test_strict_fails_on_get_active_container_outside_whitelist" time="0.133" /><testcase classname="tests.architecture.test_closure_debt_strict_mode" name="test_strict_fails_on_legacy_search_pipeline" time="0.139" /><testcase classname="tests.architecture.test_closure_debt_strict_mode" name="test_strict_fails_on_mcp_server_tool_functions" time="0.146" /><testcase classname="tests.architecture.test_closure_debt_strict_mode" name="test_strict_fails_on_alembic_test_pytest_skip" time="0.160" /><testcase classname="tests.architecture.test_closure_debt_strict_mode" name="test_strict_clean_skeleton_passes" time="0.137" /><testcase classname="tests.architecture.test_import_boundaries" name="test_retrieval_does_not_import_mcp" time="0.055" /><testcase classname="tests.architecture.test_import_boundaries" name="test_answering_does_not_import_mcp" time="0.046" /><testcase classname="tests.architecture.test_import_boundaries" name="test_repositories_do_not_import_container" time="0.051" /><testcase classname="tests.architecture.test_import_boundaries" name="test_retrieval_does_not_import_graph_or_memory_services" time="0.045" /><testcase classname="tests.architecture.test_import_boundaries" name="test_new_packages_avoid_get_active_container" time="0.038" /><testcase classname="tests.architecture.test_import_boundaries" name="test_service_groups_exposed_on_container" time="0.033" /><testcase classname="tests.architecture.test_service_groups" name="test_service_groups_providers_delegate_shared_infra" time="0.033" /><testcase classname="tests.architecture.test_service_groups" name="test_authoring_write_gate_blocks_when_disabled" time="0.032" /><testcase classname="tests.architecture.test_service_groups" name="test_provider_close_is_idempotent" time="0.032" /><testcase classname="tests.architecture.test_version_consistency.TestVersionConsistency" name="test_src_version_is_expected" time="0.032" /><testcase classname="tests.architecture.test_version_consistency.TestVersionConsistency" name="test_readme_badge_matches_src" time="0.033" /><testcase classname="tests.architecture.test_version_consistency.TestVersionConsistency" name="test_readme_zh_badge_matches_src" time="0.031" /><testcase classname="tests.architecture.test_version_consistency.TestVersionConsistency" name="test_package_json_matches_src" time="0.032" /><testcase classname="tests.architecture.test_version_consistency.TestVersionConsistency" name="test_lockfile_root_matches_package_json" time="0.032" /><testcase classname="tests.architecture.test_version_consistency.TestVersionConsistency" name="test_lockfile_root_matches_src" time="0.032" /><testcase classname="tests.container.test_provider_lifecycle" name="test_core_access_does_not_construct_experimental" time="0.048" /><testcase classname="tests.container.test_provider_lifecycle" name="test_experimental_disabled_raises_on_group_access" time="0.037" /><testcase classname="tests.container.test_provider_lifecycle" name="test_authoring_disabled_blocks_group_writes" time="0.035" /><testcase classname="tests.container.test_provider_lifecycle" name="test_provider_close_idempotent_and_clears_active" time="0.035" /><testcase classname="tests.container.test_provider_lifecycle" name="test_two_provider_graphs_are_independent" time="0.032" /><testcase classname="tests.container.test_provider_lifecycle" name="test_active_container_set_on_create" time="0.036" /><testcase classname="tests.eval.test_answer_fact_has_block_quote" name="test_answer_fact_requires_matching_block_and_quote" time="0.033" /><testcase classname="tests.eval.test_citation_metric_scope" name="test_citation_scores_supported_fact" time="0.035" /><testcase classname="tests.eval.test_citation_metric_scope" name="test_unsupported_claim_rate" time="0.034" /><testcase classname="tests.eval.test_frozen_dataset_only" name="test_formal_harness_reads_only_frozen_directory" time="0.035" /><testcase classname="tests.eval.test_frozen_dataset_only" name="test_all_five_frozen_dataset_paths_exist" time="0.036" /><testcase classname="tests.eval.test_ground_truth_corpus_snapshot" name="test_reviewed_snapshot_must_match_freeze_snapshot" time="0.034" /><testcase classname="tests.eval.test_ground_truth_review_metadata" name="test_approved_retrieval_requires_complete_double_review" time="0.034" /><testcase classname="tests.eval.test_ground_truth_review_metadata" name="test_missing_secondary_review_is_rejected" time="0.034" /><testcase classname="tests.eval.test_ground_truth_review_metadata" name="test_needs_adjudication_cannot_freeze" time="0.033" /><testcase classname="tests.eval.test_metric_denominators" name="test_recall_only_counts_non_empty_expected" time="0.032" /><testcase classname="tests.eval.test_metric_denominators" name="test_forbidden_hit_rate_denominator" time="0.033" /><testcase classname="tests.eval.test_no_default_full_score" name="test_empty_expected_ids_excluded_from_retrieval_not_full_score" time="0.032" /><testcase classname="tests.eval.test_no_default_full_score" name="test_empty_results_with_expected_ids_score_zero" time="0.031" /><testcase classname="tests.eval.test_no_default_full_score" name="test_no_answer_false_answer_not_full" time="0.032" /><testcase classname="tests.eval.test_no_default_full_score" name="test_citation_no_answer_excluded" time="0.031" /><testcase classname="tests.eval.test_no_default_full_score" name="test_numeric_empty_result_fails_when_expected_hit" time="0.033" /><testcase classname="tests.eval.test_no_default_full_score" name="test_routing_timeout_not_task_complete" time="0.047" /><testcase classname="tests.eval.test_no_default_full_score" name="test_metric_value_exposes_numerator_denominator" time="0.038" /><testcase classname="tests.eval.test_no_rule_assisted_marked_human" name="test_rule_generated_rows_are_pending_candidates_not_human" time="0.039" /><testcase classname="tests.eval.test_numeric_empty_result_fails" name="test_expected_hit_empty_fails" time="0.033" /><testcase classname="tests.eval.test_numeric_empty_result_fails" name="test_expected_no_answer_empty_passes" time="0.035" /><testcase classname="tests.eval.test_numeric_empty_result_fails" name="test_forbidden_unit_confusion" time="0.031" /><testcase classname="tests.eval.test_production_pilot_dataset_schema" name="test_dataset_files_exist" time="0.032" /><testcase classname="tests.eval.test_production_pilot_dataset_schema" name="test_minimum_counts" time="0.033" /><testcase classname="tests.eval.test_production_pilot_dataset_schema" name="test_retrieval_requires_non_empty_expected_ids" time="0.034" /><testcase classname="tests.eval.test_production_pilot_dataset_schema" name="test_no_answer_schema" time="0.036" /><testcase classname="tests.eval.test_production_pilot_dataset_schema" name="test_numeric_schema_and_no_empty_pass_for_hit" time="0.033" /><testcase classname="tests.eval.test_production_pilot_dataset_schema" name="test_routing_schema" time="0.033" /><testcase classname="tests.eval.test_production_pilot_dataset_schema" name="test_answer_citation_schema" time="0.033" /><testcase classname="tests.eval.test_production_pilot_dataset_schema" name="test_no_pad_samples_in_scoring_datasets" time="0.036" /><testcase classname="tests.eval.test_routing_empty_is_not_non_empty" name="test_empty_payloads_are_classified_honestly[search-payload0]" time="0.033" /><testcase classname="tests.eval.test_routing_empty_is_not_non_empty" name="test_empty_payloads_are_classified_honestly[ask-payload1]" time="0.035" /><testcase classname="tests.eval.test_routing_empty_is_not_non_empty" name="test_empty_payloads_are_classified_honestly[graph_traverse-payload2]" time="0.032" /><testcase classname="tests.eval.test_routing_empty_is_not_non_empty" name="test_empty_payloads_are_classified_honestly[execute_query-payload3]" time="0.035" /><testcase classname="tests.eval.test_routing_empty_is_not_non_empty" name="test_non_empty_search_is_non_empty" time="0.033" /><testcase classname="tests.eval.test_routing_graph_flow_execution" name="test_search_then_graph_flow_passes_previous_ids" time="0.034" /><testcase classname="tests.eval.test_routing_harness_preserves_arguments" name="test_agent_arguments_are_executed_byte_for_byte[search-arguments0]" time="0.033" /><testcase classname="tests.eval.test_routing_harness_preserves_arguments" name="test_agent_arguments_are_executed_byte_for_byte[ask_with_query-arguments1]" time="0.039" /><testcase classname="tests.eval.test_routing_raw_response_saved" name="test_raw_execution_record_is_preserved" time="0.040" /><testcase classname="tests.eval.test_routing_task_completion" name="test_mode_error_not_fixed_by_callable_downstream" time="0.037" /><testcase classname="tests.eval.test_routing_task_completion" name="test_validation_error_not_semantic_success" time="0.034" /><testcase classname="tests.eval.test_routing_task_completion" name="test_happy_path_routing" time="0.034" /><testcase classname="tests.eval.test_routing_timeout_is_not_complete" name="test_timeout_flags_are_not_task_completion[payload0]" time="0.037" /><testcase classname="tests.eval.test_routing_timeout_is_not_complete" name="test_timeout_flags_are_not_task_completion[payload1]" time="0.037" /><testcase classname="tests.eval.test_routing_timeout_is_not_complete" name="test_timeout_flags_are_not_task_completion[payload2]" time="0.033" /><testcase classname="tests.eval.test_routing_timeout_is_not_complete" name="test_timeout_flags_are_not_task_completion[payload3]" time="0.034" /><testcase classname="tests.eval.test_routing_timeout_is_not_complete" name="test_timeout_flags_are_not_task_completion[payload4]" time="0.034" /><testcase classname="tests.eval.test_routing_validation_error_classification" name="test_validation_payload_is_not_success" time="0.032" /><testcase classname="tests.eval.test_routing_validation_error_classification" name="test_transport_error_is_distinct_and_incomplete" time="0.034" /><testcase classname="tests.mcp.test_kb_capabilities_policy_state.TestKbCapabilitiesHiddenByPolicy" name="test_field_is_always_list" time="0.053" /><testcase classname="tests.mcp.test_kb_capabilities_policy_state.TestKbCapabilitiesHiddenByPolicy" name="test_empty_when_nothing_hidden_by_policy" time="0.050" /><testcase classname="tests.mcp.test_kb_capabilities_policy_state.TestKbCapabilitiesHiddenByPolicy" name="test_reflects_real_hidden_tools" time="0.050" /><testcase classname="tests.mcp.test_kb_capabilities_policy_state.TestKbCapabilitiesHiddenByPolicy" name="test_unsorted_state_returned_sorted" time="0.051" /><testcase classname="tests.mcp.test_kb_capabilities_policy_state.TestKbCapabilitiesHiddenByPolicy" name="test_empty_when_not_bootstrapped" time="0.051" /><testcase classname="tests.mcp_post_fix_test" name="test_bug1_route_query" time="4.138" /><testcase classname="tests.mcp_post_fix_test" name="test_bug5_ask_with_query" time="2.100" /><testcase classname="tests.mcp_post_fix_test" name="test_bug6_structured_query" time="2.079" /><testcase classname="tests.mcp_post_fix_test" name="test_bug7_ask" time="2.104" /><testcase classname="tests.mcp_post_fix_test" name="test_bug4_health_check" time="2.094" /><testcase classname="tests.mcp_post_fix_test" name="test_auto_tag_exists" time="2.087" /><testcase classname="tests.mcp_post_fix_test" name="test_search_basic" time="2.087" /><testcase classname="tests.migrations.test_empty_to_head" name="test_empty_to_head" time="1.369" /><testcase classname="tests.migrations.test_interrupted_upgrade_recovery" name="test_partial_upgrade_then_head_recovers" time="2.600" /><testcase classname="tests.migrations.test_new_database_runtime_bootstrap" name="test_create_container_empty_db_via_alembic_matches_direct_upgrade" time="2.705" /><testcase classname="tests.migrations.test_new_database_runtime_bootstrap" name="test_create_container_empty_db_idempotent_second_boot" time="1.401" /><testcase classname="tests.migrations.test_new_database_runtime_bootstrap" name="test_auto_upgrade_empty_false_blocks_missing_db" time="0.051" /><testcase classname="tests.migrations.test_runtime_schema_mutation_baseline" name="test_database_init_uses_compatibility_schema_helpers" time="0.035" /><testcase classname="tests.migrations.test_runtime_schema_mutation_baseline" name="test_create_container_enforces_gate_before_open_runtime" time="0.033" /><testcase classname="tests.migrations.test_runtime_schema_mutation_baseline" name="test_allow_unstamped_default_is_false" time="0.032" /><testcase classname="tests.migrations.test_runtime_schema_mutation_baseline" name="test_architecture_closure_ci_uses_strict" time="0.034" /><testcase classname="tests.migrations.test_runtime_schema_mutation_baseline" name="test_schema_object_counts_match_current_source" time="0.035" /><testcase classname="tests.migrations.test_runtime_schema_mutation_baseline" name="test_migrate_mutation_statement_count_matches_current_source" time="0.036" /><testcase classname="tests.migrations.test_runtime_schema_mutation_baseline" name="test_empty_database_alembic_upgrade_head_tables_and_revision" time="1.360" /><testcase classname="tests.migrations.test_runtime_schema_mutation_baseline" name="test_v1_9_style_upgrade_to_head_tables_and_revision" time="1.839" /><testcase classname="tests.migrations.test_runtime_schema_mutation_baseline" name="test_baseline_does_not_touch_default_user_db" time="1.264" /><testcase classname="tests.migrations.test_schema_fingerprint" name="test_fingerprint_is_deterministic" time="1.257" /><testcase classname="tests.migrations.test_schema_fingerprint" name="test_fingerprint_includes_required_keys" time="1.230" /><testcase classname="tests.migrations.test_schema_fingerprint" name="test_fingerprint_excludes_business_data" time="1.341" /><testcase classname="tests.migrations.test_schema_fingerprint" name="test_fingerprint_cli_json" time="1.586" /><testcase classname="tests.migrations.test_schema_fingerprint" name="test_fingerprint_reads_sqlite_vec_virtual_table" time="0.046" /><testcase classname="tests.migrations.test_schema_fingerprint" name="test_fingerprint_does_not_use_default_user_db" time="0.039" /><testcase classname="tests.migrations.test_unstamped_legacy_migration" name="test_known_v19_unstamped_write_boot_blocked" time="1.090" /><testcase classname="tests.migrations.test_unstamped_legacy_migration" name="test_known_v19_cli_migrate_preserves_data" time="2.515" /><testcase classname="tests.migrations.test_unstamped_legacy_migration" name="test_unknown_unstamped_migrate_refused" time="0.073" /><testcase classname="tests.migrations.test_unstamped_legacy_migration" name="test_unknown_unstamped_readonly_boot_allowed" time="0.063" /><testcase classname="tests.migrations.test_unstamped_legacy_migration" name="test_hand_modified_schema_not_high_confidence" time="1.112" /><testcase classname="tests.migrations.test_unstamped_legacy_migration" name="test_migrate_failure_restores_backup" time="1.735" /><testcase classname="tests.migrations.test_unstamped_legacy_migration" name="test_stamp_head_forbidden" time="1.151" /><testcase classname="tests.migrations.test_upgrade_idempotent" name="test_upgrade_head_idempotent" time="1.846" /><testcase classname="tests.migrations.test_v1_9_to_head" name="test_v1_9_style_revision_upgrades_to_head" time="1.842" /><testcase classname="tests.providers.test_embedding_timeout_cleanup" name="test_embedding_timeout_from_process_is_not_swallowed" time="0.046" /><testcase classname="tests.providers.test_llm_process_isolation_wiring" name="test_formal_llm_chat_uses_process_provider_request" time="0.039" /><testcase classname="tests.providers.test_reranker_timeout_cleanup" name="test_api_reranker_timeout_from_process_is_not_swallowed" time="0.037" /><testcase classname="tests.repositories.test_knowledge_tag_repo" name="test_list_untagged_and_update" time="0.047" /><testcase classname="tests.repositories.test_knowledge_tag_repo" name="test_tagging_service_uses_repo_not_raw_sql" time="0.040" /><testcase classname="tests.retrieval.test_fusion_packaging" name="test_build_evidence_only_execution_preserves_candidates" time="0.035" /><testcase classname="tests.retrieval.test_fusion_packaging" name="test_to_execution_includes_conflicts" time="0.035" /><testcase classname="tests.retrieval.test_fusion_packaging" name="test_verified_fusion_empty_wiki_records_fallback" time="0.039" /><testcase classname="tests.retrieval.test_fusion_packaging" name="test_raw_retriever_has_no_search_service_param" time="0.035" /><testcase classname="tests.retrieval.test_models" name="test_raw_result_frozen" time="0.036" /><testcase classname="tests.retrieval.test_models" name="test_verified_result_defaults" time="0.035" /><testcase classname="tests.retrieval.test_models" name="test_search_execution_reexport_is_same_type" time="0.034" /><testcase classname="tests.retrieval.test_models" name="test_build_execution_assembles_tuples" time="0.035" /><testcase classname="tests.retrieval.test_orchestrator" name="test_resolve_mode_default_unified" time="0.038" /><testcase classname="tests.retrieval.test_orchestrator" name="test_legacy_config_uses_unified_path" time="0.040" /><testcase classname="tests.retrieval.test_orchestrator" name="test_unified_mode_routes_evidence_only" time="0.035" /><testcase classname="tests.retrieval.test_orchestrator" name="test_unified_mode_routes_verified" time="0.034" /><testcase classname="tests.retrieval.test_orchestrator" name="test_shadow_config_also_uses_unified" time="0.034" /><testcase classname="tests.retrieval.test_orchestrator" name="test_search_service_execute_uses_orchestrator" time="0.035" /><testcase classname="tests.retrieval.test_raw_retriever" name="test_raw_retriever_returns_tuple_candidates" time="0.038" /><testcase classname="tests.retrieval.test_raw_retriever" name="test_raw_retriever_can_strip_legacy_wiki_fts" time="0.036" /><testcase classname="tests.retrieval.test_raw_retriever" name="test_raw_retriever_does_not_accept_search_service" time="0.034" /><testcase classname="tests.retrieval.test_raw_retriever_parity" name="test_raw_retriever_produces_packaged_candidates" time="0.035" /><testcase classname="tests.retrieval.test_raw_retriever_parity" name="test_evidence_only_policy_uses_raw_retriever_candidates" time="0.039" /><testcase classname="tests.retrieval.test_retrieval_policies" name="test_evidence_only_policy_returns_search_execution" time="0.038" /><testcase classname="tests.retrieval.test_retrieval_policies" name="test_verified_policy_empty_wiki_still_returns_raw" time="0.036" /><testcase classname="tests.retrieval.test_retrieval_policies" name="test_verified_policy_claim_error_does_not_raise" time="0.040" /><testcase classname="tests.retrieval.test_shadow_comparison" name="test_identical_executions_meet_gates" time="0.033" /><testcase classname="tests.retrieval.test_shadow_comparison" name="test_source_mismatch_fails_cutover" time="0.032" /><testcase classname="tests.retrieval.test_shadow_comparison" name="test_exception_types_fail_cutover" time="0.032" /><testcase classname="tests.retrieval.test_shadow_comparison" name="test_compare_does_not_require_text_fields" time="0.033" /><testcase classname="tests.retrieval.test_shadow_cutover_gates" name="test_cutover_requires_full_parity" time="0.033" /><testcase classname="tests.retrieval.test_shadow_cutover_gates" name="test_cutover_fails_on_claim_mismatch" time="0.033" /><testcase classname="tests.retrieval.test_shadow_cutover_gates" name="test_cutover_fails_on_conflict_mismatch" time="0.032" /><testcase classname="tests.retrieval.test_shadow_cutover_gates" name="test_cutover_fails_on_fallback_mismatch" time="0.032" /><testcase classname="tests.retrieval.test_shadow_cutover_gates" name="test_default_mode_is_unified_only" time="0.033" /><testcase classname="tests.retrieval.test_verified_provider" name="test_no_repo_returns_fallback" time="0.036" /><testcase classname="tests.retrieval.test_verified_provider" name="test_gate_exception_does_not_raise" time="0.033" /><testcase classname="tests.retrieval.test_verified_provider" name="test_filters_via_gate_not_raw_list" time="0.033" /><testcase classname="tests.retrieval.test_verified_provider" name="test_disclose_only_split" time="0.033" /><testcase classname="tests.retrieval.test_wiki_serving_gates_phase2" name="test_active_claim_eligible_enhancement" time="0.033" /><testcase classname="tests.retrieval.test_wiki_serving_gates_phase2" name="test_stale_unsupported_retracted_filtered_by_gate" time="0.035" /><testcase classname="tests.retrieval.test_wiki_serving_gates_phase2" name="test_repo_exception_raw_fallback_reason" time="0.032" /><testcase classname="tests.retrieval.test_wiki_serving_gates_phase2" name="test_no_repo_is_safe_fallback" time="0.031" /><testcase classname="tests.retrieval.test_wiki_serving_gates_phase2" name="test_provider_never_bypasses_gate" time="0.033" /><testcase classname="tests.retrieval.test_wiki_serving_gates_phase2" name="test_reason_codes_constants_exist_for_gate_docs" time="0.032" /><testcase classname="tests.services.test_numeric_unit_match_compound" name="test_extract_beads_per_meter_as_compound_unit" time="0.031" /><testcase classname="tests.services.test_numeric_unit_match_compound" name="test_query_meters_demotes_beads_per_meter" time="0.031" /><testcase classname="tests.services.test_numeric_unit_match_compound" name="test_query_meters_boosts_plain_meters" time="0.033" /><testcase classname="tests.services.test_numeric_unit_match_compound" name="test_apply_ranking_puts_plain_meters_first" time="0.033" /><testcase classname="tests.services.test_relevance_gate_in_corpus" name="test_extract_query_terms_splits_long_cjk_run" time="0.033" /><testcase classname="tests.services.test_relevance_gate_in_corpus" name="test_accepts_strong_title_match_even_if_semantic_score_low" time="0.032" /><testcase classname="tests.services.test_relevance_gate_in_corpus" name="test_current_info_still_rejected" time="0.033" /><testcase classname="tests.services.test_result_dedupe" name="test_keeps_highest_score_per_knowledge_id" time="0.032" /><testcase classname="tests.services.test_result_dedupe" name="test_empty_knowledge_id_kept_separately" time="0.032" /><testcase classname="tests.services.test_result_dedupe" name="test_preserves_first_seen_order_of_winners" time="0.034" /><testcase classname="tests.services.test_result_dedupe" name="test_title_boost_promotes_matching_title" time="0.033" /><testcase classname="tests.services.test_structured_file_type_routing" name="test_list_md_documents_routes_structured_file_type" time="0.049" /><testcase classname="tests.services.test_structured_file_type_routing" name="test_file_type_pdf_routes_structured" time="0.044" /><testcase classname="tests.services.test_structured_file_type_routing" name="test_list_xlsx_files_routes_structured" time="0.043" /><testcase classname="tests.storage.test_alembic_runner" name="test_upgrade_to_head_creates_schema_at_explicit_path" time="1.342" /><testcase classname="tests.storage.test_alembic_runner" name="test_upgrade_to_head_is_idempotent" time="1.295" /><testcase classname="tests.storage.test_alembic_runner" name="test_upgrade_to_head_does_not_use_config_default_db" time="1.229" /><testcase classname="tests.storage.test_alembic_runner" name="test_upgrade_to_head_failure_raises" time="0.047" /><testcase classname="tests.storage.test_database_bootstrap_inspect" name="test_inspect_missing_db_does_not_create_file" time="0.048" /><testcase classname="tests.storage.test_database_bootstrap_inspect" name="test_inspect_behind_head_plan_is_block_in_write_mode" time="1.141" /><testcase classname="tests.storage.test_database_bootstrap_inspect" name="test_inspect_at_head_allows_open_runtime" time="1.261" /><testcase classname="tests.storage.test_database_bootstrap_inspect" name="test_inspect_unstamped_does_not_modify_schema" time="0.056" /><testcase classname="tests.storage.test_database_bootstrap_inspect" name="test_inspect_readonly_behind_head_open_readonly" time="1.120" /><testcase classname="tests.storage.test_database_bootstrap_order" name="test_behind_head_write_blocks_without_open_runtime" time="1.224" /><testcase classname="tests.storage.test_database_bootstrap_order" name="test_behind_head_readonly_allows_open_without_schema_change" time="1.147" /><testcase classname="tests.storage.test_database_bootstrap_order" name="test_missing_db_inspect_does_not_create_file" time="0.047" /><testcase classname="tests.storage.test_database_bootstrap_order" name="test_unstamped_inspect_does_not_modify" time="0.059" /><testcase classname="tests.storage.test_gate_before_open_runtime" name="test_behind_head_write_never_calls_open_runtime" time="1.229" /><testcase classname="tests.storage.test_open_runtime_no_schema" name="test_write_open_runtime_skips_schema_and_migrate" time="1.232" /><testcase classname="tests.storage.test_open_runtime_no_schema" name="test_write_open_runtime_missing_file_raises" time="0.032" /><testcase classname="tests.storage.test_readonly_open_runtime" name="test_readonly_open_uses_mode_ro_and_skips_schema" time="1.223" /><testcase classname="tests.storage.test_readonly_open_runtime" name="test_readonly_open_does_not_create_wal" time="0.041" /><testcase classname="tests.storage.test_readonly_open_runtime" name="test_readonly_open_missing_file_raises" time="0.033" /><testcase classname="tests.storage.test_readonly_open_runtime" name="test_readonly_open_preserves_schema_fingerprint" time="1.111" /><testcase classname="tests.storage.test_runtime_schema_is_read_only" name="test_container_runtime_does_not_change_schema_fingerprint" time="1.268" /><testcase classname="tests.storage.test_runtime_schema_is_read_only" name="test_open_runtime_rejects_direct_migrate_call" time="1.229" /><testcase classname="tests.storage.test_startup_gate" name="test_status_empty_file" time="0.051" /><testcase classname="tests.storage.test_startup_gate" name="test_at_head_allows_write" time="1.293" /><testcase classname="tests.storage.test_startup_gate" name="test_behind_head_blocks_write" time="1.130" /><testcase classname="tests.storage.test_startup_gate" name="test_behind_head_readonly_allowed" time="1.109" /><testcase classname="tests.storage.test_startup_gate" name="test_unstamped_with_tables_blocked_by_default" time="0.061" /><testcase classname="tests.storage.test_startup_gate" name="test_unstamped_strict_blocks" time="0.056" /><testcase classname="tests.storage.test_startup_gate" name="test_skip_env" time="0.048" /><testcase classname="tests.storage.test_startup_gate" name="test_head_matches_script_directory" time="0.059" /><testcase classname="tests.test_50round_bugfix.TestAutoTagLLMCallFix" name="test_auto_tag_passes_messages_list_not_string" time="0.035" /><testcase classname="tests.test_50round_bugfix.TestEmbeddingRouterTitleFallback" name="test_title_fallback_when_tag_miss" time="0.034" /><testcase classname="tests.test_50round_bugfix.TestEmbeddingRouterTitleFallback" name="test_returns_none_when_both_tag_and_title_miss" time="0.034" /><testcase classname="tests.test_50round_bugfix.TestAskTimeoutControl" name="test_do_ask_returns_partial_result_on_timeout" time="0.034" /><testcase classname="tests.test_50round_bugfix.TestPostProcessBlockContextTruncation" name="test_block_context_truncated_when_exceeds_limit" time="0.033" /><testcase classname="tests.test_50round_bugfix.TestPostProcessBlockContextTruncation" name="test_block_context_not_truncated_when_under_limit" time="0.034" /><testcase classname="tests.test_agent_memory.TestAgentMemoryRepository" name="test_store_and_get" time="0.067" /><testcase classname="tests.test_agent_memory.TestAgentMemoryRepository" name="test_get_by_key" time="0.065" /><testcase classname="tests.test_agent_memory.TestAgentMemoryRepository" name="test_get_by_key_not_found" time="0.065" /><testcase classname="tests.test_agent_memory.TestAgentMemoryRepository" name="test_upsert_creates_new" time="0.062" /><testcase classname="tests.test_agent_memory.TestAgentMemoryRepository" name="test_upsert_updates_existing" time="0.065" /><testcase classname="tests.test_agent_memory.TestAgentMemoryRepository" name="test_delete" time="0.066" /><testcase classname="tests.test_agent_memory.TestAgentMemoryRepository" name="test_delete_by_key" time="0.064" /><testcase classname="tests.test_agent_memory.TestAgentMemoryRepository" name="test_list_all" time="0.064" /><testcase classname="tests.test_agent_memory.TestAgentMemoryRepository" name="test_list_by_category" time="0.066" /><testcase classname="tests.test_agent_memory.TestAgentMemoryRepository" name="test_count" time="0.064" /><testcase classname="tests.test_agent_memory.TestAgentMemoryRepository" name="test_search_fts" time="0.333" /><testcase classname="tests.test_agent_memory.TestAgentMemoryRepository" name="test_search_fts_with_category" time="0.067" /><testcase classname="tests.test_agent_memory.TestAgentMemoryRepository" name="test_search_like_fallback" time="0.065" /><testcase classname="tests.test_agent_memory.TestAgentMemoryRepository" name="test_search_fts_multiterm_cjk" time="0.068" /><testcase classname="tests.test_agent_memory.TestAgentMemoryRepository" name="test_search_like_multiterm_cjk" time="0.065" /><testcase classname="tests.test_agent_memory.TestAgentMemoryRepository" name="test_recent_changes" time="0.066" /><testcase classname="tests.test_agent_memory.TestAgentMemoryService" name="test_remember_fact_new" time="0.066" /><testcase classname="tests.test_agent_memory.TestAgentMemoryService" name="test_remember_fact_update" time="0.065" /><testcase classname="tests.test_agent_memory.TestAgentMemoryService" name="test_recall_facts" time="0.067" /><testcase classname="tests.test_agent_memory.TestAgentMemoryService" name="test_recall_facts_falls_back_when_fts_returns_no_rows" time="0.067" /><testcase classname="tests.test_agent_memory.TestAgentMemoryService" name="test_recall_after_write_multiterm_query" time="0.066" /><testcase classname="tests.test_agent_memory.TestAgentMemoryService" name="test_update_project_context" time="0.070" /><testcase classname="tests.test_agent_memory.TestAgentMemoryService" name="test_search_decisions" time="0.066" /><testcase classname="tests.test_agent_memory.TestAgentMemoryService" name="test_summarize_recent_changes" time="0.070" /><testcase classname="tests.test_agent_memory.TestAgentMemoryService" name="test_extract_tasks_heuristic" time="0.075" /><testcase classname="tests.test_agent_memory.TestAgentMemoryService" name="test_extract_tasks_no_tasks" time="0.070" /><testcase classname="tests.test_agent_memory.TestAgentMemoryService" name="test_summarize_strips_think_tags" time="0.066" /><testcase classname="tests.test_agent_memory.TestAgentMemoryService" name="test_extract_tasks_strips_think_before_json_parse" time="0.062" /><testcase classname="tests.test_agent_memory.TestToolMetadata" name="test_metadata_completeness" time="0.032" /><testcase classname="tests.test_agent_memory.TestToolMetadata" name="test_side_effect_values" time="0.032" /><testcase classname="tests.test_agent_memory.TestToolMetadata" name="test_groups" time="0.031" /><testcase classname="tests.test_agent_memory.TestToolMetadata" name="test_aliases_reference_existing_tools" time="0.033" /><testcase classname="tests.test_agent_memory.TestToolMetadata" name="test_destructive_requires_confirmation" time="0.070" /><testcase classname="tests.test_agent_memory.TestToolAliases" name="test_alias_mapping_not_empty" time="0.032" /><testcase classname="tests.test_agent_memory.TestToolAliases" name="test_kb_group_coverage" time="0.032" /><testcase classname="tests.test_agent_memory.TestToolAliases" name="test_wiki_group_coverage" time="0.032" /><testcase classname="tests.test_agent_memory.TestToolAliases" name="test_memory_group_in_aliases" time="0.031" /><testcase classname="tests.test_alembic_baseline" name="test_alembic_is_importable" time="0.031" /><testcase classname="tests.test_alembic_baseline" name="test_alembic_versions_directory_non_empty" time="0.033" /><testcase classname="tests.test_alembic_baseline" name="test_alembic_upgrade_head_on_empty_db_uses_temp_url" time="1.245" /><testcase classname="tests.test_alembic_baseline" name="test_alembic_env_reads_test_url_constant" time="0.039" /><testcase classname="tests.test_api.TestAuthAPI" name="test_register" time="1.304" /><testcase classname="tests.test_api.TestAuthAPI" name="test_login" time="1.246" /><testcase classname="tests.test_api.TestAuthAPI" name="test_login_wrong_password" time="1.260" /><testcase classname="tests.test_api.TestAuthAPI" name="test_unauthorized_access" time="1.262" /><testcase classname="tests.test_api.TestKnowledgeAPI" name="test_create" time="1.255" /><testcase classname="tests.test_api.TestKnowledgeAPI" name="test_list" time="1.253" /><testcase classname="tests.test_api.TestKnowledgeAPI" name="test_list_with_pagination" time="1.254" /><testcase classname="tests.test_api.TestKnowledgeAPI" name="test_list_with_tag" time="1.257" /><testcase classname="tests.test_api.TestKnowledgeAPI" name="test_search" time="11.377" /><testcase classname="tests.test_api.TestKnowledgeAPI" name="test_get_tags" time="1.252" /><testcase classname="tests.test_api.TestKnowledgeAPI" name="test_update" time="1.258" /><testcase classname="tests.test_api.TestKnowledgeAPI" name="test_delete" time="1.248" /><testcase classname="tests.test_api.TestKnowledgeAPI" name="test_get_nonexistent" time="1.242" /><testcase classname="tests.test_api.TestKnowledgeAPI" name="test_versions" time="1.257" /><testcase classname="tests.test_api.TestKnowledgeAPI" name="test_restore_version" time="1.254" /><testcase classname="tests.test_api.TestKnowledgeAPI" name="test_export" time="1.263" /><testcase classname="tests.test_api.TestHealthAPI" name="test_health" time="1.257" /><testcase classname="tests.test_api.TestBlockGraphAPI" name="test_blocks_endpoint_returns_page_blocks" time="1.251" /><testcase classname="tests.test_api.TestBlockGraphAPI" name="test_entity_refs_endpoint_filters_source_and_target" time="1.243" /><testcase classname="tests.test_api.TestChatSourceContract" name="test_chat_sources_include_block_contract" time="1.257" /><testcase classname="tests.test_api.TestChatSourceContract" name="test_chat_ask_returns_and_persists_source_graph" time="1.252" /><testcase classname="tests.test_api.TestPhase2GraphAPI" name="test_graph_backend_status_is_sqlite_only" time="1.259" /><testcase classname="tests.test_api.TestPhase2GraphAPI" name="test_external_graph_migration_routes_are_removed" time="1.259" /><testcase classname="tests.test_api.TestPhase2GraphAPI" name="test_unified_graph_endpoint_returns_nodes_and_edges" time="1.260" /><testcase classname="tests.test_api.TestPhase2GraphAPI" name="test_tag_relation_and_property_schema_endpoints" time="1.254" /><testcase classname="tests.test_api.TestPhase3QueryAPI" name="test_structured_query_endpoint" time="1.255" /><testcase classname="tests.test_api.TestPhase3QueryAPI" name="test_structured_query_endpoint_accepts_sort_list" time="1.256" /><testcase classname="tests.test_api.TestPhase3QueryAPI" name="test_explain_query_endpoint" time="1.255" /><testcase classname="tests.test_api.TestPhase3QueryAPI" name="test_graph_traverse_endpoint" time="1.249" /><testcase classname="tests.test_api.TestPhase5WebContracts" name="test_stats_endpoint_uses_live_container" time="1.248" /><testcase classname="tests.test_api.TestPhase5WebContracts" name="test_graph_visualize_endpoint" time="1.247" /><testcase classname="tests.test_api.TestPhase5WebContracts" name="test_settings_endpoints" time="1.271" /><testcase classname="tests.test_api.TestPhase5WebContracts" name="test_wiki_create_update_and_workflow_contract" time="1.253" /><testcase classname="tests.test_api.TestPhase5WebContracts" name="test_url_import_creates_job" time="1.253" /><testcase classname="tests.test_async_ingest.TestEstimateFileComplexity" name="test_small_file_not_async" time="0.038" /><testcase classname="tests.test_async_ingest.TestEstimateFileComplexity" name="test_large_file_needs_async" time="0.038" /><testcase classname="tests.test_async_ingest.TestEstimateFileComplexity" name="test_nonexistent_file_size_zero" time="0.036" /><testcase classname="tests.test_async_ingest.TestFileIngestHandler" name="test_basic_txt_import" time="0.074" /><testcase classname="tests.test_async_ingest.TestFileIngestHandler" name="test_structured_return_fields" time="0.086" /><testcase classname="tests.test_async_ingest.TestFileIngestHandler" name="test_nonexistent_file_raises" time="0.054" /><testcase classname="tests.test_async_ingest.TestFileIngestHandler" name="test_cancel_check_mid_import" time="0.178" /><testcase classname="tests.test_async_ingest.TestUrlIngestHandler" name="test_handler_with_mock" time="0.064" /><testcase classname="tests.test_async_ingest.TestUrlIngestHandler" name="test_duplicate_url_skipped" time="0.054" /><testcase classname="tests.test_async_ingest.TestMcpCreateIngestJob" name="test_file_path_creates_job" time="0.047" /><testcase classname="tests.test_async_ingest.TestMcpCreateIngestJob" name="test_url_creates_job" time="0.042" /><testcase classname="tests.test_async_ingest.TestMcpCreateIngestJob" name="test_neither_file_nor_url_fails" time="0.035" /><testcase classname="tests.test_async_ingest.TestMcpCreateIngestJob" name="test_nonexistent_file_fails" time="0.035" /><testcase classname="tests.test_async_ingest.TestIngestFileAutoRouting" name="test_small_file_sync" time="0.078" /><testcase classname="tests.test_async_ingest.TestIngestFileAutoRouting" name="test_large_file_auto_async" time="0.058" /><testcase classname="tests.test_async_ingest.TestIngestFileAutoRouting" name="test_dry_run_shows_routing" time="0.042" /><testcase classname="tests.test_async_ingest.TestIngestFileAutoRouting" name="test_dry_run_no_db_write" time="0.048" /><testcase classname="tests.test_async_ingest.TestMcpJobTools" name="test_get_job_existing" time="0.045" /><testcase classname="tests.test_async_ingest.TestMcpJobTools" name="test_get_job_nonexistent" time="0.045" /><testcase classname="tests.test_async_ingest.TestMcpJobTools" name="test_list_jobs_returns_envelope" time="0.043" /><testcase classname="tests.test_async_ingest.TestMcpJobTools" name="test_list_jobs_filter_by_type" time="0.043" /><testcase classname="tests.test_async_ingest.TestMcpJobTools" name="test_cancel_job_pending" time="0.045" /><testcase classname="tests.test_async_ingest.TestMcpJobTools" name="test_cancel_job_completed_fails" time="0.048" /><testcase classname="tests.test_async_ingest.TestTaskRegistry" name="test_file_ingest_registered" time="0.032" /><testcase classname="tests.test_async_ingest.TestTaskRegistry" name="test_url_ingest_registered" time="0.034" /><testcase classname="tests.test_async_ingest.TestProgressReporting" name="test_file_ingest_updates_progress" time="0.069" /><testcase classname="tests.test_async_ingest.TestPathScanHandler" name="test_unchanged_files_are_not_force_reindexed" time="0.042" /><testcase classname="tests.test_async_ingest.TestBackwardCompat" name="test_create_async_job_still_works" time="0.045" /><testcase classname="tests.test_async_ingest.TestBackwardCompat" name="test_get_async_job_still_works" time="0.043" /><testcase classname="tests.test_async_ingest.TestExplicitHandlerRegistration" name="test_register_all_tasks_restores_handlers" time="0.037" /><testcase classname="tests.test_async_ingest.TestExplicitHandlerRegistration" name="test_worker_start_registers_handlers_explicitly" time="1.049" /><testcase classname="tests.test_async_ingest.TestReclaimStuckJobs" name="test_reclaim_stuck_running_job" time="0.042" /><testcase classname="tests.test_async_ingest.TestReclaimStuckJobs" name="test_reclaim_keeps_recent_running_job" time="0.040" /><testcase classname="tests.test_async_ingest.TestReclaimStuckJobs" name="test_reclaim_processing_historical_status" time="0.041" /><testcase classname="tests.test_async_ingest.TestReclaimStuckJobs" name="test_worker_start_invokes_reaper" time="0.056" /><testcase classname="tests.test_audit_bugfixes" name="test_rebuild_scheduler_auto_flushes_after_debounce" time="0.095" /><testcase classname="tests.test_audit_bugfixes" name="test_rebuild_scheduler_debounce_ms_zero_auto_flushes_soon" time="0.061" /><testcase classname="tests.test_audit_bugfixes" name="test_recover_appends_missing_claim_events_when_partial_outbox" time="0.084" /><testcase classname="tests.test_audit_bugfixes" name="test_recover_claim_only_without_committed_if_claim_on_disk" time="0.059" /><testcase classname="tests.test_audit_bugfixes" name="test_reject_emits_claim_deleted_outbox_event" time="0.082" /><testcase classname="tests.test_audit_bugfixes" name="test_registry_corrupt_raises" time="0.053" /><testcase classname="tests.test_audit_bugfixes" name="test_refines_validates_both_before_any_stage" time="0.065" /><testcase classname="tests.test_audit_bugfixes" name="test_soft_delete_keeps_block_vectors" time="0.076" /><testcase classname="tests.test_audit_bugfixes" name="test_sync_page_restores_soft_deleted_row" time="0.065" /><testcase classname="tests.test_audit_bugfixes" name="test_migrator_register_existing_when_registry_empty" time="0.052" /><testcase classname="tests.test_blend_fusion" name="test_blend_fusion_merges_two_channels" time="0.037" /><testcase classname="tests.test_blend_fusion" name="test_blend_rrf_formula" time="0.036" /><testcase classname="tests.test_blend_fusion" name="test_blend_candidate_schema_unified" time="0.039" /><testcase classname="tests.test_blend_fusion" name="test_blend_no_wiki_candidates_falls_back_to_full_search" time="0.037" /><testcase classname="tests.test_blend_fusion" name="test_blend_channels_union_when_id_collides" time="0.039" /><testcase classname="tests.test_block_store.TestBlockStore" name="test_add_block_embedding_and_search" time="0.067" /><testcase classname="tests.test_block_store.TestBlockStore" name="test_delete_by_page" time="0.071" /><testcase classname="tests.test_block_store.TestBlockStore" name="test_dimension_from_config" time="0.044" /><testcase classname="tests.test_block_store.TestBlockStore" name="test_search_returns_block_metadata" time="0.068" /><testcase classname="tests.test_block_store.TestBlockStore" name="test_count_and_count_by_page" time="0.065" /><testcase classname="tests.test_block_store.TestDatabaseBlockMethods" name="test_insert_blocks_and_search_fts" time="0.049" /><testcase classname="tests.test_block_store.TestDatabaseBlockMethods" name="test_delete_blocks_by_page" time="0.049" /><testcase classname="tests.test_canonical_write_guards" name="test_primary_write_guard_keeps_scanning_migrated_entrypoints" time="0.037" /><testcase classname="tests.test_canonical_write_guards" name="test_guard_catches_unlisted_direct_write" time="0.037" /><testcase classname="tests.test_canonical_write_guards" name="test_open_write_detection" time="0.034" /><testcase classname="tests.test_canonical_write_guards" name="test_current_direct_writes_are_allowlisted" time="0.060" /><testcase classname="tests.test_canonical_write_guards" name="test_allowlist_entries_actually_exist" time="0.036" /><testcase classname="tests.test_canonical_write_guards" name="test_wiki_v2_services_no_global_singleton_imports" time="0.065" /><testcase classname="tests.test_citation_builder.TestCitationBasic" name="test_citation_basic" time="0.038" /><testcase classname="tests.test_citation_builder.TestCitationBasic" name="test_citation_to_dict" time="0.035" /><testcase classname="tests.test_citation_builder.TestCitationLocationPDF" name="test_citation_location_pdf" time="0.038" /><testcase classname="tests.test_citation_builder.TestCitationLocationMarkdown" name="test_citation_location_markdown" time="0.036" /><testcase classname="tests.test_citation_builder.TestCitationLocationExcel" name="test_citation_location_excel" time="0.035" /><testcase classname="tests.test_citation_builder.TestCitationScoreBreakdown" name="test_citation_score_breakdown" time="0.035" /><testcase classname="tests.test_citation_builder.TestCitationScoreBreakdown" name="test_score_breakdown_with_none" time="0.036" /><testcase classname="tests.test_citation_builder.TestCitationDedup" name="test_citation_dedup_by_block_id" time="0.035" /><testcase classname="tests.test_citation_builder.TestCitationPerDocumentLimit" name="test_citation_per_document_limit" time="0.037" /><testcase classname="tests.test_citation_builder.TestCitationPerDocumentLimit" name="test_per_document_limit_different_docs" time="0.035" /><testcase classname="tests.test_citation_builder.TestCitationMatchReason" name="test_reason_semantic_keyword_reranked" time="0.037" /><testcase classname="tests.test_citation_builder.TestCitationMatchReason" name="test_reason_semantic_only" time="0.036" /><testcase classname="tests.test_cli" name="test_no_command_exits_cleanly" time="0.038" /><testcase classname="tests.test_cli" name="test_version_flag" time="0.037" /><testcase classname="tests.test_cli" name="test_init_command_parses" time="0.036" /><testcase classname="tests.test_cli" name="test_init_command_mode_parses" time="0.039" /><testcase classname="tests.test_cli" name="test_init_command_with_provider" time="0.038" /><testcase classname="tests.test_cli" name="test_index_command_parses" time="0.038" /><testcase classname="tests.test_cli" name="test_watch_command_parses" time="0.037" /><testcase classname="tests.test_cli" name="test_doctor_command_parses" time="0.037" /><testcase classname="tests.test_cli" name="test_doctor_explain_config_parses" time="0.037" /><testcase classname="tests.test_cli" name="test_config_migrate_verified_hybrid_dry_run_does_not_write" time="0.048" /><testcase classname="tests.test_cli" name="test_mcp_command_delegates" time="0.037" /><testcase classname="tests.test_cli" name="test_mcp_command_custom_transport" time="0.038" /><testcase classname="tests.test_cli" name="test_handler_return_code_propagates" time="0.036" /><testcase classname="tests.test_cli" name="test_handler_warnings_exit_code" time="0.037" /><testcase classname="tests.test_cli" name="test_init_verified_does_not_create_authoring_layout" time="0.054" /><testcase classname="tests.test_cli" name="test_init_authoring_creates_wiki_layout" time="0.051" /><testcase classname="tests.test_cli_wiki" name="test_wiki_lint_command_parses" time="0.039" /><testcase classname="tests.test_cli_wiki" name="test_wiki_save_answer_command_parses" time="0.040" /><testcase classname="tests.test_cli_wiki" name="test_wiki_ingest_source_command_parses" time="0.037" /><testcase classname="tests.test_cli_wiki" name="test_wiki_no_subcommand_prints_help" time="0.039" /><testcase classname="tests.test_config_verified_hybrid_migration" name="test_config_migration_dry_run_apply_and_byte_rollback" time="0.062" /><testcase classname="tests.test_config_verified_hybrid_migration" name="test_config_migration_requires_explicit_mode_change" time="0.048" /><testcase classname="tests.test_conflict_repo" name="test_create_and_get_session" time="0.042" /><testcase classname="tests.test_conflict_repo" name="test_update_session_status" time="0.044" /><testcase classname="tests.test_conflict_repo" name="test_list_sessions_by_status" time="0.042" /><testcase classname="tests.test_conflict_repo" name="test_create_and_get_pair" time="0.043" /><testcase classname="tests.test_conflict_repo" name="test_list_pairs_with_join" time="0.043" /><testcase classname="tests.test_conflict_repo" name="test_update_pair_judgment" time="0.041" /><testcase classname="tests.test_conflict_repo" name="test_update_pair_status" time="0.044" /><testcase classname="tests.test_conflict_repo" name="test_add_ignore_unique_constraint" time="0.041" /><testcase classname="tests.test_conflict_repo" name="test_is_ignored" time="0.040" /><testcase classname="tests.test_conflict_repo" name="test_list_ignores_with_titles" time="0.042" /><testcase classname="tests.test_conflict_repo" name="test_delete_ignore" time="0.042" /><testcase classname="tests.test_conflict_repo" name="test_increment_session_counter" time="0.041" /><testcase classname="tests.test_context_expansion.TestBlockContentNotPolluted" name="test_block_content_unchanged_after_enrich" time="0.040" /><testcase classname="tests.test_context_expansion.TestBlockContentNotPolluted" name="test_parent_content_is_separate_field" time="0.040" /><testcase classname="tests.test_context_expansion.TestPromptContextIncludesParentChain" name="test_block_context_includes_parent_chain" time="0.040" /><testcase classname="tests.test_context_expansion.TestPromptContextIncludesParentChain" name="test_block_context_includes_siblings" time="0.042" /><testcase classname="tests.test_context_expansion.TestCitationPointsToChild" name="test_citation_block_id_is_child" time="0.042" /><testcase classname="tests.test_context_expansion.TestConfigMaxParentChars" name="test_config_max_parent_chars_default" time="0.033" /><testcase classname="tests.test_context_expansion.TestConfigMaxParentChars" name="test_config_max_parent_chars_from_config" time="0.043" /><testcase classname="tests.test_context_expansion.TestConfigMaxParentChars" name="test_explicit_max_parent_chars_overrides_config" time="0.043" /><testcase classname="tests.test_core.TestDualMethodConfig" name="test_class_mode" time="0.034" /><testcase classname="tests.test_core.TestDualMethodConfig" name="test_instance_mode" time="0.037" /><testcase classname="tests.test_core.TestDualMethodConfig" name="test_class_and_instance_share_default" time="0.039" /><testcase classname="tests.test_core.TestDualMethodConfig" name="test_save_keeps_secret_when_keyring_write_fails" time="0.039" /><testcase classname="tests.test_core.TestDualMethodConfig" name="test_export_secret_env_adds_loaded_secrets_without_overwriting" time="0.034" /><testcase classname="tests.test_core.TestDualMethodConfig" name="test_export_secret_env_updates_passed_mapping_for_service_startup" time="0.034" /><testcase classname="tests.test_core.TestDualMethodConfig" name="test_load_service_account_can_read_machine_secret_when_user_keyring_unavailable" time="0.046" /><testcase classname="tests.test_core.TestDualMethodConfig" name="test_load_env_secret_overrides_stale_keyring_secret" time="0.038" /><testcase classname="tests.test_core.TestDualMethodConfig" name="test_load_embedding_secret_can_reuse_llm_env_before_stale_keyring" time="0.036" /><testcase classname="tests.test_core.TestDIContainer" name="test_create_container" time="0.036" /><testcase classname="tests.test_core.TestDIContainer" name="test_container_repositories" time="0.040" /><testcase classname="tests.test_core.TestDIContainer" name="test_knowledge_repo_crud" time="0.042" /><testcase classname="tests.test_core.TestEventBus" name="test_emit_and_subscribe" time="0.042" /><testcase classname="tests.test_core.TestEventBus" name="test_unknown_event_raises" time="0.033" /><testcase classname="tests.test_core.TestEmbeddingCache" name="test_put_and_get" time="0.044" /><testcase classname="tests.test_core.TestEmbeddingCache" name="test_cache_miss" time="0.040" /><testcase classname="tests.test_core.TestEmbeddingCache" name="test_invalidate_model" time="0.041" /><testcase classname="tests.test_core.TestQueryBuilder" name="test_has_tag_query" time="0.047" /><testcase classname="tests.test_core.TestBlockModel" name="test_runtime_schema_creates_block_graph_tables" time="0.046" /><testcase classname="tests.test_core.TestBlockModel" name="test_block_crud" time="0.036" /><testcase classname="tests.test_core.TestBlockModel" name="test_entity_ref" time="0.035" /><testcase classname="tests.test_core.TestBlockModel" name="test_block_repository_crud_properties_and_refs" time="0.046" /><testcase classname="tests.test_core.TestDSL" name="test_parse_simple_tag" time="0.038" /><testcase classname="tests.test_core.TestDSL" name="test_parse_fulltext" time="0.032" /><testcase classname="tests.test_core.TestDSL" name="test_parse_and" time="0.033" /><testcase classname="tests.test_core.TestDSL" name="test_parse_property" time="0.035" /><testcase classname="tests.test_core.TestDSL" name="test_parse_in_query_wrapper" time="0.034" /><testcase classname="tests.test_core.TestTransclusion" name="test_find_references" time="0.038" /><testcase classname="tests.test_core.TestTransclusion" name="test_find_with_display_text" time="0.039" /><testcase classname="tests.test_core.TestPluginSystem" name="test_plugin_manifest" time="0.040" /><testcase classname="tests.test_core.TestPluginSystem" name="test_plugin_manager_list" time="0.039" /><testcase classname="tests.test_core.TestRepositories" name="test_conversation_repo" time="0.048" /><testcase classname="tests.test_core.TestRepositories" name="test_job_repo" time="0.047" /><testcase classname="tests.test_core.TestRepositories" name="test_category_repo" time="0.045" /><testcase classname="tests.test_core.TestRepositories" name="test_wiki_repo" time="0.045" /><testcase classname="tests.test_core.TestRepositories" name="test_graph_repo" time="0.045" /><testcase classname="tests.test_core.TestSearchServiceIntegration" name="test_container_search_service_accessible" time="0.039" /><testcase classname="tests.test_critical_bugfix_e2e.TestAutoTagRealDb" name="test_auto_tag_writes_tags_with_real_db" time="0.045" /><testcase classname="tests.test_critical_bugfix_e2e.TestAutoTagRealDb" name="test_auto_tag_skips_already_tagged" time="0.043" /><testcase classname="tests.test_critical_bugfix_e2e.TestAutoTagRealDb" name="test_auto_tag_bad_llm_json_skips_row_without_internal_error" time="0.044" /><testcase classname="tests.test_critical_bugfix_e2e.TestInferTagsByLlmSignature" name="test_infer_tags_by_llm_uses_correct_signature" time="0.035" /><testcase classname="tests.test_critical_bugfix_e2e.TestInferTagsByLlmSignature" name="test_infer_tags_by_llm_passes_explicit_timeout" time="0.034" /><testcase classname="tests.test_critical_bugfix_e2e.TestInferTagsByLlmSignature" name="test_infer_tags_by_llm_reports_runtime_call_failure" time="0.034" /><testcase classname="tests.test_critical_bugfix_e2e.TestInferTagsByLlmSignature" name="test_infer_tags_by_llm_reports_service_construction_failure" time="0.033" /><testcase classname="tests.test_critical_bugfix_e2e.TestInferTagsByLlmSignature" name="test_infer_tags_by_llm_does_not_report_malformed_response_as_runtime_error" time="0.034" /><testcase classname="tests.test_critical_bugfix_e2e.TestInferTagsByLlmSignature" name="test_infer_tags_integration_with_llm_fallback" time="0.035" /><testcase classname="tests.test_database_migration_policy" name="test_migrate_alter_tables_frozen" time="0.034" /><testcase classname="tests.test_database_migration_policy" name="test_migrate_create_index_frozen" time="0.034" /><testcase classname="tests.test_database_migration_policy" name="test_migrate_create_table_frozen" time="0.035" /><testcase classname="tests.test_database_migration_policy" name="test_database_migrate_raises_on_production_path" time="0.033" /><testcase classname="tests.test_database_migration_policy" name="test_migration_policy_doc_exists" time="0.034" /><testcase classname="tests.test_db.TestKnowledgeCRUD" name="test_insert_and_get" time="0.041" /><testcase classname="tests.test_db.TestKnowledgeCRUD" name="test_list_knowledge" time="0.042" /><testcase classname="tests.test_db.TestKnowledgeCRUD" name="test_update_knowledge" time="0.044" /><testcase classname="tests.test_db.TestKnowledgeCRUD" name="test_delete_knowledge" time="0.042" /><testcase classname="tests.test_db.TestKnowledgeCRUD" name="test_search_knowledge" time="0.042" /><testcase classname="tests.test_db.TestKnowledgeCRUD" name="test_count_knowledge" time="0.041" /><testcase classname="tests.test_db.TestKnowledgeCRUD" name="test_tag_filter" time="0.041" /><testcase classname="tests.test_db.TestKnowledgeCRUD" name="test_get_all_tags" time="0.043" /><testcase classname="tests.test_db.TestKnowledgeCRUD" name="test_sort_by_title" time="0.044" /><testcase classname="tests.test_db.TestVersionControl" name="test_version_saved_on_update" time="0.047" /><testcase classname="tests.test_db.TestVersionControl" name="test_multiple_versions" time="0.046" /><testcase classname="tests.test_db.TestVersionControl" name="test_restore_version" time="0.044" /><testcase classname="tests.test_delete_tools_bug12" name="test_delete_wiki_page_tool" time="0.050" /><testcase classname="tests.test_delete_tools_bug12" name="test_delete_wiki_page_not_found" time="0.048" /><testcase classname="tests.test_delete_tools_bug12" name="test_delete_memory_tool_by_id" time="0.048" /><testcase classname="tests.test_delete_tools_bug12" name="test_delete_memory_tool_by_key" time="0.049" /><testcase classname="tests.test_delete_tools_bug12" name="test_delete_memory_requires_param" time="0.034" /><testcase classname="tests.test_delete_tools_bug12" name="test_delete_memory_not_found" time="0.048" /><testcase classname="tests.test_delete_tools_bug12" name="test_delete_tools_registered_in_metadata" time="0.037" /><testcase classname="tests.test_demo_local_retrieval" name="test_create_test_documents" time="0.058" /><testcase classname="tests.test_demo_local_retrieval" name="test_demo_output_supports_windows_console_encoding" time="0.042" /><testcase classname="tests.test_demo_local_retrieval" name="test_demo_uses_container_services_as_properties" time="0.045" /><testcase classname="tests.test_demo_local_retrieval" name="test_run_demo_basic" time="0.044" /><testcase classname="tests.test_demo_local_retrieval" name="test_demo_creates_config" time="0.054" /><testcase classname="tests.test_demo_local_retrieval" name="test_demo_creates_documents" time="0.045" /><testcase classname="tests.test_demo_local_retrieval" name="test_demo_output_structure" time="0.045" /><testcase classname="tests.test_demo_local_retrieval" name="test_demo_cleanup" time="0.045" /><testcase classname="tests.test_demo_local_retrieval" name="test_demo_json_output" time="0.055" /><testcase classname="tests.test_demo_local_retrieval" name="test_demo_document_content_quality" time="0.044" /><testcase classname="tests.test_demo_local_retrieval" name="test_demo_incremental_update_logic" time="0.060" /><testcase classname="tests.test_demo_local_retrieval" name="test_demo_search_functionality" time="0.045" /><testcase classname="tests.test_demo_local_retrieval" name="test_demo_error_handling" time="0.046" /><testcase classname="tests.test_demo_local_retrieval" name="test_demo_configuration_validation" time="0.058" /><testcase classname="tests.test_docs_consistency" name="test_readme_default_profile_matches_config" time="0.040" /><testcase classname="tests.test_docs_consistency" name="test_readme_profile_mentioned_matches_config" time="0.052" /><testcase classname="tests.test_docs_consistency" name="test_advanced_features_documents_phase2_capabilities" time="0.039" /><testcase classname="tests.test_docs_consistency" name="test_advanced_features_config_keys_match_example" time="0.048" /><testcase classname="tests.test_docs_consistency" name="test_advanced_features_documents_dual_track" time="0.037" /><testcase classname="tests.test_doctor.TestSQLiteChecks" name="test_check_sqlite_ok" time="0.036" /><testcase classname="tests.test_doctor.TestSQLiteChecks" name="test_check_fts5_ok" time="0.037" /><testcase classname="tests.test_doctor.TestSQLiteChecks" name="test_check_fts5_failure" time="0.037" /><testcase classname="tests.test_doctor.TestSQLiteChecks" name="test_check_sqlite_vec_import_error" time="0.036" /><testcase classname="tests.test_doctor.TestConfigCheck" name="test_check_config_valid" time="0.039" /><testcase classname="tests.test_doctor.TestConfigCheck" name="test_check_config_missing" time="0.035" /><testcase classname="tests.test_doctor.TestKnowledgeModeCheck" name="test_explain_config_reports_raw_resolved_source_and_no_secrets" time="0.043" /><testcase classname="tests.test_doctor.TestKnowledgeModeCheck" name="test_verified_mode_ok" time="0.045" /><testcase classname="tests.test_doctor.TestKnowledgeModeCheck" name="test_wiki_first_deprecation_warn" time="0.038" /><testcase classname="tests.test_doctor.TestKnowledgeModeCheck" name="test_invalid_mode_fail" time="0.045" /><testcase classname="tests.test_doctor.TestKnowledgeModeCheck" name="test_check_config_invalid_format" time="0.043" /><testcase classname="tests.test_doctor.TestDataDirCheck" name="test_check_data_dir_writable" time="0.037" /><testcase classname="tests.test_doctor.TestDataDirCheck" name="test_check_data_dir_not_exists" time="0.036" /><testcase classname="tests.test_doctor.TestDataDirCheck" name="test_check_data_dir_permission_error" time="0.039" /><testcase classname="tests.test_doctor.TestEndpointChecks" name="test_check_embedding_no_config" time="0.036" /><testcase classname="tests.test_doctor.TestEndpointChecks" name="test_check_llm_no_config" time="0.037" /><testcase classname="tests.test_doctor.TestEndpointChecks" name="test_check_embedding_reachable" time="0.035" /><testcase classname="tests.test_doctor.TestEndpointChecks" name="test_check_endpoint_server_error" time="0.036" /><testcase classname="tests.test_doctor.TestEndpointChecks" name="test_check_endpoint_unreachable" time="0.036" /><testcase classname="tests.test_doctor.TestRerankerCheck" name="test_reranker_disabled" time="0.036" /><testcase classname="tests.test_doctor.TestRerankerCheck" name="test_reranker_enabled_with_url" time="0.036" /><testcase classname="tests.test_doctor.TestRerankerCheck" name="test_reranker_enabled_no_url" time="0.037" /><testcase classname="tests.test_doctor.TestMCPClientChecks" name="test_valid_json_config" time="0.042" /><testcase classname="tests.test_doctor.TestMCPClientChecks" name="test_invalid_json_config" time="0.041" /><testcase classname="tests.test_doctor.TestMCPClientChecks" name="test_no_client_configs" time="0.039" /><testcase classname="tests.test_doctor.TestRunAllChecks" name="test_run_all_checks_returns_list" time="1.021" /><testcase classname="tests.test_doctor.TestRunAllChecks" name="test_each_result_has_required_keys" time="0.805" /><testcase classname="tests.test_embedding_cache.TestEmbeddingCacheIntegration" name="test_cache_hit_returns_cached_embedding" time="0.049" /><testcase classname="tests.test_embedding_cache.TestEmbeddingCacheIntegration" name="test_cache_miss_calls_api_and_caches" time="0.051" /><testcase classname="tests.test_embedding_cache.TestEmbeddingCacheIntegration" name="test_cache_invalidation_by_model" time="0.051" /><testcase classname="tests.test_embedding_context" name="test_embedding_text_uses_parent_chain_and_links_without_mutating_block_content" time="0.045" /><testcase classname="tests.test_embedding_context" name="test_read_can_include_blocks_and_embedding_preview" time="0.049" /><testcase classname="tests.test_embedding_context" name="test_reindex_dry_run_reports_embedding_context_counts_without_writing_vectors" time="0.056" /><testcase classname="tests.test_eval_datasets" name="test_fixtures_exist" time="0.034" /><testcase classname="tests.test_eval_datasets" name="test_dataset_has_expected_sources" time="0.040" /><testcase classname="tests.test_eval_datasets" name="test_no_answer_dataset_has_empty_sources" time="0.045" /><testcase classname="tests.test_eval_datasets" name="test_no_duplicate_queries" time="0.047" /><testcase classname="tests.test_eval_datasets" name="test_block_contains_matches_fixture" time="0.042" /><testcase classname="tests.test_evidence_compress.TestEvidenceCompressStageExtractive" name="test_basic_compression" time="0.039" /><testcase classname="tests.test_evidence_compress.TestEvidenceCompressStageExtractive" name="test_preserves_relevant_sentences" time="0.035" /><testcase classname="tests.test_evidence_compress.TestEvidenceCompressStageExtractive" name="test_disabled_returns_unchanged" time="0.035" /><testcase classname="tests.test_evidence_compress.TestEvidenceCompressStageExtractive" name="test_empty_results" time="0.038" /><testcase classname="tests.test_evidence_compress.TestEvidenceCompressStageExtractive" name="test_respects_token_budget" time="0.037" /><testcase classname="tests.test_evidence_compress.TestEvidenceCompressStageExtractive" name="test_metadata_tracks_compression" time="0.042" /><testcase classname="tests.test_evidence_compress.TestEvidenceCompressStageExtractive" name="test_multiple_results_dedup_keywords" time="0.046" /><testcase classname="tests.test_evidence_compress.TestEvidenceCompressStageSentences" name="test_split_chinese_sentences" time="0.036" /><testcase classname="tests.test_evidence_compress.TestEvidenceCompressStageSentences" name="test_split_mixed_sentences" time="0.034" /><testcase classname="tests.test_evidence_compress.TestEvidenceCompressStageSentences" name="test_split_no_punctuation" time="0.035" /><testcase classname="tests.test_evidence_compress.TestStageRegistryIntegration" name="test_registered_in_registry" time="0.034" /><testcase classname="tests.test_evidence_compress.TestStageRegistryIntegration" name="test_create_stage_with_deps" time="0.034" /><testcase classname="tests.test_file_graph" name="test_create_page_writes_markdown_and_rebuilds_cache" time="0.059" /><testcase classname="tests.test_file_graph" name="test_sync_page_adds_missing_block_ids_and_searches_fts" time="0.064" /><testcase classname="tests.test_file_graph" name="test_sync_all_deletes_cache_for_removed_manifest_page" time="0.084" /><testcase classname="tests.test_file_graph" name="test_export_db_to_graph_dry_run_and_apply" time="0.056" /><testcase classname="tests.test_file_graph" name="test_create_page_preserves_file_type_metadata" time="0.055" /><testcase classname="tests.test_file_watcher.TestFileWatcherStartStop" name="test_start_sets_running" time="0.037" /><testcase classname="tests.test_file_watcher.TestFileWatcherStartStop" name="test_stop_clears_running" time="0.036" /><testcase classname="tests.test_file_watcher.TestFileWatcherStartStop" name="test_start_without_watchdog_raises" time="0.035" /><testcase classname="tests.test_file_watcher.TestEventNormalization" name="test_normalize_paths" time="0.034" /><testcase classname="tests.test_file_watcher.TestEventNormalization" name="test_watcher_initially_not_running" time="0.035" /><testcase classname="tests.test_file_watcher.TestEventNormalization" name="test_watcher_root_normalized" time="0.036" /><testcase classname="tests.test_file_watcher.TestEventNormalization" name="test_watcher_recursive_flag" time="0.036" /><testcase classname="tests.test_find_duplicates.TestFindDuplicatesByHash" name="test_same_hash_different_titles" time="0.046" /><testcase classname="tests.test_find_duplicates.TestFindDuplicatesByHash" name="test_same_hash_same_title" time="0.046" /><testcase classname="tests.test_find_duplicates.TestFindDuplicatesByHash" name="test_different_hash_not_deduped" time="0.045" /><testcase classname="tests.test_find_duplicates.TestFindDuplicatesByHash" name="test_deleted_items_excluded" time="0.047" /><testcase classname="tests.test_find_duplicates.TestFindDuplicatesByHash" name="test_group_sorted_newest_first" time="0.045"><failure message="AssertionError: assert '旧条目' == '新条目'&#10;  &#10;  - 新条目&#10;  + 旧条目">E   AssertionError: assert '旧条目' == '新条目'
      
      - 新条目
      + 旧条目</failure></testcase><testcase classname="tests.test_find_duplicates.TestFindDuplicatesByNormalizedTitle" name="test_no_hash_same_normalized_title" time="0.042" /><testcase classname="tests.test_find_duplicates.TestFindDuplicatesByNormalizedTitle" name="test_no_hash_different_titles_not_deduped" time="0.047" /><testcase classname="tests.test_find_duplicates.TestFindDuplicatesByNormalizedTitle" name="test_mixed_hash_and_no_hash" time="0.043" /><testcase classname="tests.test_find_duplicates.TestBackfillContentHash" name="test_backfill_empty_hash" time="0.045" /><testcase classname="tests.test_find_duplicates.TestBackfillContentHash" name="test_backfill_skips_existing_hash" time="0.041" /><testcase classname="tests.test_find_duplicates.TestBackfillContentHash" name="test_backfill_multiple_records" time="0.042" /><testcase classname="tests.test_find_duplicates.TestBackfillContentHash" name="test_backfill_then_dedup" time="0.043" /><testcase classname="tests.test_full_pipeline_e2e.TestPhase1StructuredImportAndContext" name="test_structured_blocks_with_parent_child_hierarchy" time="0.043" /><testcase classname="tests.test_full_pipeline_e2e.TestPhase1StructuredImportAndContext" name="test_link_discovery_creates_entity_refs" time="0.043" /><testcase classname="tests.test_full_pipeline_e2e.TestPhase2GraphCapabilities" name="test_tag_hierarchy_dag_and_descendant_expansion" time="0.042" /><testcase classname="tests.test_full_pipeline_e2e.TestPhase2GraphCapabilities" name="test_property_schema_validation" time="0.044" /><testcase classname="tests.test_full_pipeline_e2e.TestPhase2GraphCapabilities" name="test_effective_property_inheritance" time="0.046" /><testcase classname="tests.test_full_pipeline_e2e.TestPhase2GraphCapabilities" name="test_unified_graph_contains_all_node_types" time="0.046" /><testcase classname="tests.test_full_pipeline_e2e.TestPhase3QueryRevolution" name="test_dsl_complex_query_with_or_not" time="0.043" /><testcase classname="tests.test_full_pipeline_e2e.TestPhase3QueryRevolution" name="test_dsl_fulltext_search" time="0.042" /><testcase classname="tests.test_full_pipeline_e2e.TestPhase3QueryRevolution" name="test_graph_traversal_finds_linked_pages" time="0.042" /><testcase classname="tests.test_full_pipeline_e2e.TestPhase3QueryRevolution" name="test_query_explainer_produces_complete_explanation" time="0.033" /><testcase classname="tests.test_full_pipeline_e2e.TestPhase3QueryRevolution" name="test_agentic_router_routes_logic_query" time="0.046" /><testcase classname="tests.test_full_pipeline_e2e.TestPhase3QueryRevolution" name="test_agentic_router_falls_back_for_fuzzy" time="15.073" /><testcase classname="tests.test_full_pipeline_e2e.TestPhase3QueryRevolution" name="test_query_builder_bridge_or_not_to_dsl" time="0.046" /><testcase classname="tests.test_full_pipeline_e2e.TestMCPToolIntegration" name="test_mcp_create_and_read" time="15.110" /><testcase classname="tests.test_full_pipeline_e2e.TestMCPToolIntegration" name="test_mcp_list_and_tags" time="30.173" /><testcase classname="tests.test_full_pipeline_e2e.TestMCPToolIntegration" name="test_mcp_structured_query_tool" time="0.057" /><testcase classname="tests.test_full_pipeline_e2e.TestMCPToolIntegration" name="test_mcp_explain_query_tool" time="0.037" /><testcase classname="tests.test_full_pipeline_e2e.TestMCPToolIntegration" name="test_mcp_graph_traverse_tool" time="0.054" /><testcase classname="tests.test_full_pipeline_e2e.TestAPIIntegration" name="test_api_structured_query" time="1.261" /><testcase classname="tests.test_full_pipeline_e2e.TestAPIIntegration" name="test_api_explain_query" time="1.287" /><testcase classname="tests.test_full_pipeline_e2e.TestAPIIntegration" name="test_api_graph_traverse" time="1.255" /><testcase classname="tests.test_full_pipeline_e2e.TestAPIIntegration" name="test_api_unified_graph" time="1.260" /><testcase classname="tests.test_full_pipeline_e2e.TestAPIIntegration" name="test_api_tag_hierarchy" time="1.276" /><testcase classname="tests.test_full_pipeline_e2e.TestAPIIntegration" name="test_api_property_schema" time="1.266" /><testcase classname="tests.test_full_pipeline_e2e.TestCrossPhaseIntegration" name="test_tag_inheritance_expands_structured_query" time="0.048" /><testcase classname="tests.test_full_pipeline_e2e.TestCrossPhaseIntegration" name="test_effective_properties_queryable_via_dsl" time="0.048" /><testcase classname="tests.test_full_pipeline_e2e.TestCrossPhaseIntegration" name="test_link_discovery_feeds_graph_traversal" time="0.048" /><testcase classname="tests.test_full_pipeline_e2e.TestCrossPhaseIntegration" name="test_full_pipeline_import_to_query_to_explain" time="0.046" /><testcase classname="tests.test_graph_backend.TestIdUtils" name="test_make_node_id_page" time="0.038" /><testcase classname="tests.test_graph_backend.TestIdUtils" name="test_make_node_id_knowledge_maps_to_page" time="0.034" /><testcase classname="tests.test_graph_backend.TestIdUtils" name="test_make_node_id_block" time="0.038" /><testcase classname="tests.test_graph_backend.TestIdUtils" name="test_make_node_id_tag" time="0.044" /><testcase classname="tests.test_graph_backend.TestIdUtils" name="test_make_node_id_already_prefixed" time="0.043" /><testcase classname="tests.test_graph_backend.TestIdUtils" name="test_make_node_id_empty" time="0.041" /><testcase classname="tests.test_graph_backend.TestIdUtils" name="test_parse_node_id_page" time="0.040" /><testcase classname="tests.test_graph_backend.TestIdUtils" name="test_parse_node_id_knowledge_maps_to_page" time="0.040" /><testcase classname="tests.test_graph_backend.TestIdUtils" name="test_parse_node_id_block" time="0.037" /><testcase classname="tests.test_graph_backend.TestIdUtils" name="test_parse_node_id_no_prefix" time="0.036" /><testcase classname="tests.test_graph_backend.TestIdUtils" name="test_roundtrip" time="0.040" /><testcase classname="tests.test_graph_backend.TestGraphModels" name="test_graph_node_to_dict" time="0.039" /><testcase classname="tests.test_graph_backend.TestGraphModels" name="test_graph_edge_to_dict" time="0.039" /><testcase classname="tests.test_graph_backend.TestSQLiteGraphBackend" name="test_name" time="0.036" /><testcase classname="tests.test_graph_backend.TestSQLiteGraphBackend" name="test_health_check" time="0.050" /><testcase classname="tests.test_graph_backend.TestSQLiteGraphBackend" name="test_get_node_page" time="0.049" /><testcase classname="tests.test_graph_backend.TestSQLiteGraphBackend" name="test_get_node_block" time="0.047" /><testcase classname="tests.test_graph_backend.TestSQLiteGraphBackend" name="test_get_node_not_found" time="0.048" /><testcase classname="tests.test_graph_backend.TestSQLiteGraphBackend" name="test_find_neighbors_page" time="0.051" /><testcase classname="tests.test_graph_backend.TestSQLiteGraphBackend" name="test_traverse_basic" time="0.048" /><testcase classname="tests.test_graph_backend.TestSQLiteGraphBackend" name="test_traverse_page_includes_contained_blocks_without_entity_refs" time="0.048" /><testcase classname="tests.test_graph_backend.TestSQLiteGraphBackend" name="test_traverse_with_depth" time="0.050" /><testcase classname="tests.test_graph_backend.TestSQLiteGraphBackend" name="test_load_subgraph" time="0.055" /><testcase classname="tests.test_graph_backend.TestSQLiteGraphBackend" name="test_load_subgraph_with_type_filter" time="0.048" /><testcase classname="tests.test_graph_backend.TestSQLiteGraphBackend" name="test_get_nodes_by_type" time="0.047" /><testcase classname="tests.test_graph_backend.TestSQLiteGraphBackend" name="test_get_edges_by_type" time="0.049" /><testcase classname="tests.test_graph_backend.TestSQLiteGraphBackend" name="test_stats" time="0.044" /><testcase classname="tests.test_graph_backend.TestSQLiteGraphBackend" name="test_upsert_edge_and_verify" time="0.049" /><testcase classname="tests.test_graph_backend.TestFactory" name="test_default_sqlite" time="0.036" /><testcase classname="tests.test_graph_backend.TestFactory" name="test_legacy_external_provider_uses_sqlite" time="0.039" /><testcase classname="tests.test_graph_backend.TestFactory" name="test_unknown_provider_uses_sqlite" time="0.039" /><testcase classname="tests.test_graph_backend.TestSyncHooks" name="test_sqlite_backend_disabled" time="0.039" /><testcase classname="tests.test_graph_backend.TestSyncHooks" name="test_non_sqlite_backend_disabled_for_compatibility" time="0.040" /><testcase classname="tests.test_graph_backend.TestSyncHooks" name="test_hook_does_not_call_upsert_node" time="0.046" /><testcase classname="tests.test_graph_backend.TestSyncHooks" name="test_hook_does_not_call_delete" time="0.043" /><testcase classname="tests.test_graph_backend.TestSyncHooks" name="test_hook_does_not_call_batch_blocks" time="0.044" /><testcase classname="tests.test_graph_backend.TestSyncHooks" name="test_hook_noop_when_disabled" time="0.042" /><testcase classname="tests.test_graph_backend.TestServiceIntegration" name="test_unified_graph_with_sqlite_backend" time="0.052" /><testcase classname="tests.test_graph_backend.TestServiceIntegration" name="test_unified_graph_without_backend" time="0.051" /><testcase classname="tests.test_graph_backend.TestServiceIntegration" name="test_traversal_with_sqlite_backend" time="0.051" /><testcase classname="tests.test_graph_backend.TestServiceIntegration" name="test_traversal_without_backend" time="0.051" /><testcase classname="tests.test_graph_backend.TestServiceIntegration" name="test_source_graph_with_backend" time="0.055" /><testcase classname="tests.test_graph_perf_smoke" name="test_get_block_ancestors_batch_single" time="0.048" /><testcase classname="tests.test_graph_perf_smoke" name="test_get_block_ancestors_batch_multi" time="0.050" /><testcase classname="tests.test_graph_perf_smoke" name="test_get_block_ancestors_batch_empty_input" time="0.041" /><testcase classname="tests.test_graph_perf_smoke" name="test_get_block_ancestors_batch_cycle_protected" time="0.047" /><testcase classname="tests.test_graph_perf_smoke" name="test_get_chunks_by_knowledge_batch_empty" time="0.043" /><testcase classname="tests.test_graph_perf_smoke" name="test_get_chunks_by_knowledge_batch_basic" time="0.050" /><testcase classname="tests.test_graph_perf_smoke" name="test_compute_force_layout_pinned" time="0.042" /><testcase classname="tests.test_graph_progress" name="test_emit_progress_prefers_structured_callback" time="0.043" /><testcase classname="tests.test_graph_progress" name="test_emit_progress_fal
[...]
e="tests.test_wiki_rebuild_service" name="test_rebuild_delete_keeps_claim_no_physical_delete" time="0.035" /><testcase classname="tests.test_wiki_rebuild_service" name="test_rebuild_cancel_is_cooperative" time="0.034" /><testcase classname="tests.test_wiki_rebuild_service" name="test_rebuild_max_pages_truncates" time="0.034" /><testcase classname="tests.test_wiki_rebuild_service" name="test_rebuild_result_exposes_plan_and_stats" time="0.035" /><testcase classname="tests.test_wiki_repository" name="test_create_page_writes_file_and_registry" time="0.043" /><testcase classname="tests.test_wiki_repository" name="test_update_increments_revision_when_expected_matches" time="0.053" /><testcase classname="tests.test_wiki_repository" name="test_stale_expected_revision_raises" time="0.046" /><testcase classname="tests.test_wiki_repository" name="test_atomic_write_no_half_file_on_error" time="0.042" /><testcase classname="tests.test_wiki_repository" name="test_rename_keeps_page_id" time="0.082" /><testcase classname="tests.test_wiki_repository" name="test_claim_crud" time="0.063" /><testcase classname="tests.test_wiki_repository" name="test_transaction_rollback_on_failure" time="0.038" /><testcase classname="tests.test_wiki_repository" name="test_outbox_events_appended_in_order" time="0.047" /><testcase classname="tests.test_wiki_repository" name="test_windows_path_compat" time="0.048" /><testcase classname="tests.test_wiki_repository" name="test_concurrent_write_conflict_detected" time="0.056" /><testcase classname="tests.test_wiki_serving_contract.TestWikiServingContract" name="test_wiki_001_raw_evidence_is_final_base" time="0.034" /><testcase classname="tests.test_wiki_serving_contract.TestWikiServingContract" name="test_wiki_002_claim_requires_resolvable_evidence" time="0.035" /><testcase classname="tests.test_wiki_serving_contract.TestWikiServingContract" name="test_wiki_003_stale_claim_not_primary" time="0.034" /><testcase classname="tests.test_wiki_serving_contract.TestWikiServingContract" name="test_wiki_004_unsupported_not_primary" time="0.035" /><testcase classname="tests.test_wiki_serving_contract.TestWikiServingContract" name="test_wiki_005_retracted_not_primary" time="0.034" /><testcase classname="tests.test_wiki_serving_contract.TestWikiServingContract" name="test_wiki_006_conflict_must_disclose" time="0.035" /><testcase classname="tests.test_wiki_serving_contract.TestWikiServingContract" name="test_wiki_007_wiki_failure_falls_back_to_raw" time="0.037" /><testcase classname="tests.test_wiki_serving_contract.TestWikiServingContract" name="test_wiki_008_projection_not_canonical_authority" time="0.042" /><testcase classname="tests.test_wiki_serving_contract.TestWikiServingContract" name="test_wiki_009_serving_authoring_separation" time="0.035" /><testcase classname="tests.test_wiki_serving_contract.TestWikiServingContract" name="test_wiki_010_auto_publish_default_false" time="0.035" /><testcase classname="tests.test_wiki_serving_contract.TestWikiInvariantsDocExists" name="test_doc_lists_all_ten" time="0.036" /><testcase classname="tests.test_wiki_serving_gate.TestPrimaryEligibility" name="test_strict_gate_requires_persisted_validation_record" time="0.034" /><testcase classname="tests.test_wiki_serving_gate.TestPrimaryEligibility" name="test_strict_gate_accepts_matching_validated_reviewed_published_claim" time="0.035" /><testcase classname="tests.test_wiki_serving_gate.TestPrimaryEligibility" name="test_strict_gate_rejects_stale_or_unapproved_records" time="0.035" /><testcase classname="tests.test_wiki_serving_gate.TestPrimaryEligibility" name="test_strict_gate_rejects_empty_serving_evidence_set" time="0.035" /><testcase classname="tests.test_wiki_serving_gate.TestPrimaryEligibility" name="test_active_with_resolvable_evidence_eligible" time="0.035" /><testcase classname="tests.test_wiki_serving_gate.TestPrimaryEligibility" name="test_draft_not_eligible" time="0.035" /><testcase classname="tests.test_wiki_serving_gate.TestPrimaryEligibility" name="test_unsupported_not_eligible" time="0.035" /><testcase classname="tests.test_wiki_serving_gate.TestPrimaryEligibility" name="test_retracted_not_eligible" time="0.035" /><testcase classname="tests.test_wiki_serving_gate.TestPrimaryEligibility" name="test_stale_supports_not_eligible" time="0.038" /><testcase classname="tests.test_wiki_serving_gate.TestPrimaryEligibility" name="test_missing_supports_not_eligible" time="0.037" /><testcase classname="tests.test_wiki_serving_gate.TestPrimaryEligibility" name="test_block_missing_not_eligible" time="0.035" /><testcase classname="tests.test_wiki_serving_gate.TestPrimaryEligibility" name="test_hash_mismatch_not_eligible" time="0.036" /><testcase classname="tests.test_wiki_serving_gate.TestPrimaryEligibility" name="test_knowledge_soft_deleted_not_eligible" time="0.036" /><testcase classname="tests.test_wiki_serving_gate.TestPrimaryEligibility" name="test_disputed_disclose_only" time="0.037" /><testcase classname="tests.test_wiki_serving_gate.TestPrimaryEligibility" name="test_scope_flag_demotes" time="0.035" /><testcase classname="tests.test_wiki_serving_gate.TestPrimaryEligibility" name="test_wiki_read_disabled" time="0.037" /><testcase classname="tests.test_wiki_serving_gate.TestPrimaryEligibility" name="test_evidence_only_mode_blocks" time="0.035" /><testcase classname="tests.test_wiki_serving_gate.TestPrimaryEligibility" name="test_no_llm_flag_in_diagnostics" time="0.034" /><testcase classname="tests.test_wiki_serving_gate.TestFilterServable" name="test_filter_excludes_stale_and_unsupported" time="0.035" /><testcase classname="tests.test_wiki_serving_gate.TestRepositoryServingAPI" name="test_list_servable_claims_read_only" time="0.064" /><testcase classname="tests.test_wiki_serving_gate.TestRepositoryServingAPI" name="test_resolve_claim_evidence" time="0.046" /><testcase classname="tests.test_wiki_serving_gate.TestRepositoryServingAPI" name="test_get_claim_still_returns_non_servable_for_authoring" time="0.053" /><testcase classname="tests.test_wiki_serving_gate.TestDoctorServing" name="test_check_serving_claims_smoke" time="0.041" /><testcase classname="tests.test_wiki_serving_gate.TestSearchServiceEntry" name="test_search_service_only_returns_servable_claims" time="0.037" /><testcase classname="tests.test_wiki_serving_validation_migrator" name="test_dry_run_never_invents_proof_and_creates_review_proposal" time="0.054" /><testcase classname="tests.test_wiki_serving_validation_migrator" name="test_dry_run_recognizes_only_current_complete_proof" time="0.055" /><testcase classname="tests.test_wiki_serving_validation_migrator" name="test_review_validation_and_explicit_publish_are_separate_steps" time="0.131" /><testcase classname="tests.test_wiki_serving_validation_migrator" name="test_publish_does_not_write_when_projection_parity_fails" time="0.054" /><testcase classname="tests.test_wiki_shadow_workflow" name="test_shadow_workflow_writes_only_under_shadow_dir" time="0.047" /><testcase classname="tests.test_wiki_slug" name="test_slugify_lowercase_and_hyphen" time="0.035" /><testcase classname="tests.test_wiki_slug" name="test_slugify_strips_punctuation" time="0.036" /><testcase classname="tests.test_wiki_slug" name="test_slugify_keeps_chinese" time="0.034" /><testcase classname="tests.test_wiki_slug" name="test_slugify_empty" time="0.035" /><testcase classname="tests.test_wiki_slug" name="test_resolve_slug_no_conflict" time="0.037" /><testcase classname="tests.test_wiki_slug" name="test_resolve_slug_same_hash_idempotent" time="0.059" /><testcase classname="tests.test_wiki_slug" name="test_resolve_slug_conflict_appends_hash" time="0.047" /><testcase classname="tests.test_wiki_slug" name="test_write_and_read_frontmatter" time="0.044" /><testcase classname="tests.test_wiki_slug" name="test_read_frontmatter_missing" time="0.044" /><testcase classname="tests.test_wiki_source_compiler" name="test_compile_prepares_source_summary" time="0.044" /><testcase classname="tests.test_wiki_source_compiler" name="test_compile_prepares_source_summary_without_writing_markdown" time="0.043" /><testcase classname="tests.test_wiki_source_compiler" name="test_compile_idempotent" time="0.042" /><testcase classname="tests.test_wiki_source_compiler" name="test_compile_not_found" time="0.049" /><testcase classname="tests.test_wiki_source_compiler" name="test_extract_key_entities_acronyms_and_title" time="0.034" /><testcase classname="tests.test_wiki_source_compiler" name="test_build_summary_truncates_to_500" time="0.035" /><testcase classname="tests.test_wiki_source_ids" name="test_resolve_from_list" time="0.035" /><testcase classname="tests.test_wiki_source_ids" name="test_resolve_from_scalar" time="0.035" /><testcase classname="tests.test_wiki_source_ids" name="test_resolve_fallback_knowledge_id" time="0.036" /><testcase classname="tests.test_wiki_source_ids" name="test_resolve_empty" time="0.034" /><testcase classname="tests.test_wiki_source_ids" name="test_resolve_strips_falsy" time="0.035" /><testcase classname="tests.test_wiki_source_ids" name="test_parse_json_list_from_string" time="0.035" /><testcase classname="tests.test_wiki_source_ids" name="test_parse_json_list_from_list_passthrough" time="0.036" /><testcase classname="tests.test_wiki_source_ids" name="test_parse_json_list_invalid" time="0.035" /><testcase classname="tests.test_wiki_v2_e2e.TestE2E1" name="test_two_sources_one_claim_two_evidence" time="0.074" /><testcase classname="tests.test_wiki_v2_golden_eval" name="test_matching_action_and_reason_codes[m01]" time="0.036" /><testcase classname="tests.test_wiki_v2_golden_eval" name="test_matching_action_and_reason_codes[m02]" time="0.036" /><testcase classname="tests.test_wiki_v2_golden_eval" name="test_matching_action_and_reason_codes[m03]" time="0.037" /><testcase classname="tests.test_wiki_v2_golden_eval" name="test_matching_action_and_reason_codes[m04]" time="0.036" /><testcase classname="tests.test_wiki_v2_golden_eval" name="test_matching_action_and_reason_codes[m05]" time="0.036" /><testcase classname="tests.test_wiki_v2_golden_eval" name="test_matching_action_and_reason_codes[m06]" time="0.036" /><testcase classname="tests.test_wiki_v2_golden_eval" name="test_matching_action_and_reason_codes[m07]" time="0.038" /><testcase classname="tests.test_wiki_v2_golden_eval" name="test_matching_action_and_reason_codes[m08]" time="0.037" /><testcase classname="tests.test_wiki_v2_golden_eval" name="test_matching_action_and_reason_codes[m09]" time="0.038" /><testcase classname="tests.test_wiki_v2_golden_eval" name="test_matching_action_and_reason_codes[m10]" time="0.037" /><testcase classname="tests.test_wiki_v2_golden_eval" name="test_matching_action_and_reason_codes[m11]" time="0.037" /><testcase classname="tests.test_wiki_v2_golden_eval" name="test_matching_action_and_reason_codes[m12]" time="0.037" /><testcase classname="tests.test_wiki_v2_golden_eval" name="test_merge_behavior[g01]" time="0.074" /><testcase classname="tests.test_wiki_v2_golden_eval" name="test_merge_behavior[g02]" time="0.070" /><testcase classname="tests.test_wiki_v2_golden_eval" name="test_merge_behavior[g03]" time="0.068" /><testcase classname="tests.test_wiki_v2_golden_eval" name="test_merge_behavior[g04]" time="0.050" /><testcase classname="tests.test_wiki_v2_golden_eval" name="test_extraction_behavior[e01]" time="0.035" /><testcase classname="tests.test_wiki_v2_golden_eval" name="test_extraction_behavior[e02]" time="0.036" /><testcase classname="tests.test_wiki_v2_golden_eval" name="test_extraction_behavior[e03]" time="0.036" /><testcase classname="tests.test_wiki_v2_golden_eval" name="test_extraction_behavior[e04]" time="0.036" /><testcase classname="tests.test_wiki_v2_golden_eval" name="test_matching_dataset_has_expected_scenarios" time="0.036" /><testcase classname="tests.test_wiki_v2_golden_eval" name="test_source_datasets_marked_phase5" time="0.036" /><testcase classname="tests.test_wiki_v2_golden_eval" name="test_source_update_evolution[u01]" time="0.072" /><testcase classname="tests.test_wiki_v2_golden_eval" name="test_source_update_evolution[u02]" time="0.058" /><testcase classname="tests.test_wiki_v2_golden_eval" name="test_source_update_evolution[u03]" time="0.063" /><testcase classname="tests.test_wiki_v2_golden_eval" name="test_source_delete_evolution[d01]" time="0.094" /><testcase classname="tests.test_wiki_v2_golden_eval" name="test_source_delete_evolution[d02]" time="0.091" /><testcase classname="tests.test_wiki_v2_golden_eval" name="test_source_delete_evolution[d03]" time="0.080" /><testcase classname="tests.test_wiki_v2_migration" name="test_v2_tables_exist_after_schema" time="0.472" /><testcase classname="tests.test_wiki_v2_migration" name="test_legacy_wiki_tables_preserved" time="0.527" /><testcase classname="tests.test_wiki_v2_migration" name="test_schema_idempotent_repeated_executescript" time="0.505" /><testcase classname="tests.test_wiki_v2_migration" name="test_j001_upgrade_idempotent_after_app_schema" time="0.504" /><testcase classname="tests.test_wiki_v2_migration" name="test_j001_upgrade_on_empty_db_creates_v2_tables" time="0.118" /><testcase classname="tests.test_wiki_v2_migration" name="test_j001_downgrade_drops_v2_keeps_legacy" time="0.577" /><testcase classname="tests.test_wiki_v2_migration" name="test_evidence_unique_constraint" time="0.463" /><testcase classname="tests.test_wiki_v2_migration" name="test_dependencies_composite_pk" time="0.485" /><testcase classname="tests.test_wiki_v2_migration" name="test_page_claims_composite_pk" time="0.473" /><testcase classname="tests.test_wiki_v2_migration" name="test_projection_state_keyvalue" time="0.517" /><testcase classname="tests.test_wiki_v2_migrator" name="test_dry_run_zero_writes" time="0.054" /><testcase classname="tests.test_wiki_v2_migrator" name="test_dry_run_already_canonical_skipped" time="0.073" /><testcase classname="tests.test_wiki_v2_migrator" name="test_dry_run_extracts_facts_as_draft_claims" time="0.045" /><testcase classname="tests.test_wiki_v2_migrator" name="test_dry_run_untraceable_facts" time="0.045" /><testcase classname="tests.test_wiki_v2_migrator" name="test_same_title_different_content_is_conflict" time="0.047" /><testcase classname="tests.test_wiki_v2_migrator" name="test_apply_creates_canonical_pages_and_draft_claims" time="0.084" /><testcase classname="tests.test_wiki_v2_migrator" name="test_apply_lock_prevents_concurrent" time="0.037" /><testcase classname="tests.test_wiki_v2_migrator" name="test_rollback_restores_wiki" time="0.069" /><testcase classname="tests.test_wiki_v2_migrator" name="test_apply_does_not_force_primary_mode" time="0.058" /><testcase classname="tests.test_wiki_v2_models" name="test_page_roundtrip_strict" time="0.035" /><testcase classname="tests.test_wiki_v2_models" name="test_page_missing_required_strict_fails" time="0.035" /><testcase classname="tests.test_wiki_v2_models" name="test_page_invalid_status_fails" time="0.035" /><testcase classname="tests.test_wiki_v2_models" name="test_page_invalid_revision_fails" time="0.035" /><testcase classname="tests.test_wiki_v2_models" name="test_claim_roundtrip_strict" time="0.035" /><testcase classname="tests.test_wiki_v2_models" name="test_claim_serving_validation_roundtrip_strict" time="0.035" /><testcase classname="tests.test_wiki_v2_models" name="test_legacy_claim_without_serving_validation_remains_readable" time="0.037" /><testcase classname="tests.test_wiki_v2_models" name="test_active_claim_without_supports_evidence_invalid" time="0.036" /><testcase classname="tests.test_wiki_v2_models" name="test_evidence_requires_knowledge_id" time="0.035" /><testcase classname="tests.test_wiki_v2_models" name="test_compat_mode_tolerates_unknown_keys" time="0.035" /><testcase classname="tests.test_wiki_v2_models" name="test_save_result_and_validation_finding_dataclasses" time="0.036" /><testcase classname="tests.test_wiki_v2_models" name="test_page_registry_entry_roundtrip" time="0.042" /><testcase classname="tests.test_wiki_v2_models" name="test_evidence_stale_roundtrip" time="0.036" /><testcase classname="tests.test_wiki_v2_models" name="test_evidence_stale_defaults_and_legacy_compat" time="0.038" /><testcase classname="tests.test_wiki_v2_phase5_e2e" name="test_e2e3_source_update_orphan_block_makes_claim_unsupported" time="0.114" /><testcase classname="tests.test_wiki_v2_phase5_e2e" name="test_e2e4_source_delete_with_other_supports_stays_active" time="0.094" /><testcase classname="tests.test_wiki_v2_phase5_e2e" name="test_e2e3_unchanged_block_keeps_claim_active" time="0.080" /><testcase classname="tests.test_wiki_v2_transaction_recovery" name="test_supersede_partial_validation_no_half_write" time="0.054" /><testcase classname="tests.test_wiki_v2_transaction_recovery" name="test_revision_conflict_aborts_transaction" time="0.050" /><testcase classname="tests.test_wiki_v2_transaction_recovery" name="test_concurrent_claim_update_second_loses" time="0.069" /><testcase classname="tests.test_wiki_v2_transaction_recovery" name="test_publish_interrupt_orphan_not_visible" time="0.062" /><testcase classname="tests.test_wiki_v2_transaction_recovery" name="test_registry_written_no_committed_recovers_forward" time="0.059" /><testcase classname="tests.test_wiki_v2_transaction_recovery" name="test_committed_but_outbox_missing_recovers" time="0.066" /><testcase classname="tests.test_wiki_v2_transaction_recovery" name="test_recover_idempotent_no_duplicate_outbox" time="0.060" /><testcase classname="tests.test_wiki_v2_transaction_recovery" name="test_stage_crash_no_manifest_cleaned_up" time="0.038" /><testcase classname="tests.test_wiki_v2_transaction_recovery" name="test_windows_file_occupied_aborts_no_half_write" time="0.043" /><testcase classname="tests.test_wiki_v2_transaction_recovery" name="test_projection_replay_idempotent" time="0.065" /><testcase classname="tests.test_wiki_v2_transaction_recovery" name="test_transaction_commit_all_published" time="0.064" /><testcase classname="tests.test_wiki_v2_transaction_recovery" name="test_recover_returns_completed_tx_ids" time="0.058" /><testcase classname="tests.test_wiki_validator" name="test_validate_clean_page_no_findings" time="0.035" /><testcase classname="tests.test_wiki_validator" name="test_validate_page_schema_error_category" time="0.035" /><testcase classname="tests.test_wiki_validator" name="test_published_page_referencing_draft_claim_flagged" time="0.035" /><testcase classname="tests.test_wiki_validator" name="test_validate_directory_reports_missing_claim_files" time="0.045" /><testcase classname="tests.test_wiki_validator_canonical" name="test_page_only_evidence_warning" time="0.057" /><testcase classname="tests.test_wiki_validator_canonical" name="test_published_page_with_disputed_claim_warning" time="0.075" /><testcase classname="tests.test_wiki_workflow_canonical" name="test_submit_for_review_updates_canonical_status_without_direct_db_write" time="0.036" /><testcase classname="tests.test_wiki_workflow_canonical" name="test_restore_version_updates_canonical_page_without_direct_db_write" time="0.036" /><testcase classname="tests.test_wiki_workflow_canonical" name="test_canonical_save_updates_source_ids" time="0.035" /><testcase classname="tests.test_wiki_write_service" name="test_save_writes_both_tracks" time="0.034" /><testcase classname="tests.test_wiki_write_service" name="test_save_fs_failure_does_not_block_sqlite" time="0.036" /><testcase classname="tests.test_wiki_write_service" name="test_save_sqlite_failure_does_not_block_fs" time="0.035" /><testcase classname="tests.test_wiki_write_service" name="test_primary_save_uses_canonical_repository_without_legacy_double_write" time="0.035" /><testcase classname="tests.test_windows_smoke_contract" name="test_windows_smoke_uses_an_isolated_temp_workspace" time="0.050" /><testcase classname="tests.test_windows_smoke_contract" name="test_windows_smoke_covers_cli_and_real_mcp_lifecycle" time="0.038" /></testsuite></testsuites>